<!DOCTYPE html PUBLIC "-//W3C//DTD XHTML 1.1//EN" "https://www.w3.org/TR/xhtml11/DTD/xhtml11.dtd">
<html xmlns="https://www.w3.org/1999/xhtml">
<head>
<meta http-equiv="content-type" content="text/html; charset=UTF-8"/>
<title>TestNG Report</title>
<style type="text/css">table {margin-bottom:10px;border-collapse:collapse;empty-cells:show}th,td {border:1px solid #009;padding:.25em .5em}th {vertical-align:bottom}td {vertical-align:top}table a {font-weight:bold}.stripe td {background-color: #E6EBF9}.num {text-align:right}.passedodd td {background-color: #3F3}.passedeven td {background-color: #0A0}.skippedodd td {background-color: #DDD}.skippedeven td {background-color: #CCC}.failedodd td,.attn {background-color: #F33}.failedeven td,.stripe .attn {background-color: #D00}.stacktrace {white-space:pre;font-family:monospace}.totop {font-size:85%;text-align:center;border-bottom:2px solid #000}.invisible {display:none}</style>
</head>
<body>
<table>
<tr><th>Test</th><th># Passed</th><th># Skipped</th><th># Retried</th><th># Failed</th><th>Time (ms)</th><th>Included Groups</th><th>Excluded Groups</th></tr>
<tr><th colspan="8">Suite</th></tr>
<tr><td><a href="#t0">Test</a></td><td class="num">45</td><td class="num">0</td><td class="num">0</td><td class="num attn">11</td><td class="num">232,102</td><td></td><td></td></tr>
</table>
<table id='summary'><thead><tr><th>Class</th><th>Method</th><th>Start</th><th>Time (ms)</th></tr></thead><tbody><tr><th colspan="4">Suite</th></tr></tbody><tbody id="t0"><tr><th colspan="4">Test &#8212; failed</th></tr><tr class="failedeven"><td rowspan="9">TestCase.CheckOutOverviewTestCase</td><td><a href="#m0">CheckOutOverviewTestCase10</a></td><td rowspan="1">1711538273231</td><td rowspan="1">2044</td></tr><tr class="failedeven"><td><a href="#m1">CheckOutOverviewTestCase2</a></td><td rowspan="1">1711538281302</td><td rowspan="1">2501</td></tr><tr class="failedeven"><td><a href="#m2">CheckOutOverviewTestCase3</a></td><td rowspan="1">1711538285327</td><td rowspan="1">2035</td></tr><tr class="failedeven"><td><a href="#m3">CheckOutOverviewTestCase4</a></td><td rowspan="1">1711538288838</td><td rowspan="1">1997</td></tr><tr class="failedeven"><td><a href="#m4">CheckOutOverviewTestCase5</a></td><td rowspan="1">1711538292457</td><td rowspan="1">2037</td></tr><tr class="failedeven"><td><a href="#m5">CheckOutOverviewTestCase6</a></td><td rowspan="1">1711538296090</td><td rowspan="1">1993</td></tr><tr class="failedeven"><td><a href="#m6">CheckOutOverviewTestCase7</a></td><td rowspan="1">1711538299734</td><td rowspan="1">2011</td></tr><tr class="failedeven"><td><a href="#m7">CheckOutOverviewTestCase8</a></td><td rowspan="1">1711538303069</td><td rowspan="1">2483</td></tr><tr class="failedeven"><td><a href="#m8">CheckOutOverviewTestCase9</a></td><td rowspan="1">1711538306710</td><td rowspan="1">2444</td></tr><tr class="failedodd"><td rowspan="2">TestCase.HomeTestCase</td><td><a href="#m9">HomeTestCase14</a></td><td rowspan="1">1711538461647</td><td rowspan="1">1428</td></tr><tr class="failedodd"><td><a href="#m10">HomeTestCase15</a></td><td rowspan="1">1711538464649</td><td rowspan="1">1362</td></tr><tr><th colspan="4">Test &#8212; passed</th></tr><tr class="passedeven"><td rowspan="14">TestCase.CartTestCase</td><td><a href="#m11">CartTestCase1</a></td><td rowspan="1">1711538310815</td><td rowspan="1">2567</td></tr><tr class="passedeven"><td><a href="#m12">CartTestCase10</a></td><td rowspan="1">1711538314843</td><td rowspan="1">2693</td></tr><tr class="passedeven"><td><a href="#m13">CartTestCase11</a></td><td rowspan="1">1711538319008</td><td rowspan="1">2698</td></tr><tr class="passedeven"><td><a href="#m14">CartTestCase12</a></td><td rowspan="1">1711538323434</td><td rowspan="1">2786</td></tr><tr class="passedeven"><td><a href="#m15">CartTestCase13</a></td><td rowspan="1">1711538327732</td><td rowspan="1">2677</td></tr><tr class="passedeven"><td><a href="#m16">CartTestCase14</a></td><td rowspan="1">1711538332161</td><td rowspan="1">2631</td></tr><tr class="passedeven"><td><a href="#m17">CartTestCase2</a></td><td rowspan="1">1711538336424</td><td rowspan="1">2664</td></tr><tr class="passedeven"><td><a href="#m18">CartTestCase3</a></td><td rowspan="1">1711538340954</td><td rowspan="1">2701</td></tr><tr class="passedeven"><td><a href="#m19">CartTestCase4</a></td><td rowspan="1">1711538345467</td><td rowspan="1">2742</td></tr><tr class="passedeven"><td><a href="#m20">CartTestCase5</a></td><td rowspan="1">1711538350378</td><td rowspan="1">2729</td></tr><tr class="passedeven"><td><a href="#m21">CartTestCase6</a></td><td rowspan="1">1711538355036</td><td rowspan="1">2835</td></tr><tr class="passedeven"><td><a href="#m22">CartTestCase7</a></td><td rowspan="1">1711538359937</td><td rowspan="1">2959</td></tr><tr class="passedeven"><td><a href="#m23">CartTestCase8</a></td><td rowspan="1">1711538364370</td><td rowspan="1">2903</td></tr><tr class="passedeven"><td><a href="#m24">CartTestCase9</a></td><td rowspan="1">1711538369178</td><td rowspan="1">2999</td></tr><tr class="passedodd"><td rowspan="2">TestCase.CheckOutOverviewTestCase</td><td><a href="#m25">CheckOutOverviewTestCase1</a></td><td rowspan="1">1711538268452</td><td rowspan="1">3133</td></tr><tr class="passedodd"><td><a href="#m26">CheckOutOverviewTestCase11</a></td><td rowspan="1">1711538276911</td><td rowspan="1">3080</td></tr><tr class="passedeven"><td rowspan="3">TestCase.CheckOutTestCase</td><td><a href="#m27">CheckOutTestCase1</a></td><td rowspan="1">1711538425899</td><td rowspan="1">2971</td></tr><tr class="passedeven"><td><a href="#m28">CheckOutTestCase2</a></td><td rowspan="1">1711538430434</td><td rowspan="1">3080</td></tr><tr class="passedeven"><td><a href="#m29">CheckOutTestCase3</a></td><td rowspan="1">1711538435283</td><td rowspan="1">3989</td></tr><tr class="passedodd"><td rowspan="2">TestCase.CheckoutCompleteTestCase</td><td><a href="#m30">CheckOutCompleteTestCase1</a></td><td rowspan="1">1711538373846</td><td rowspan="1">3651</td></tr><tr class="passedodd"><td><a href="#m31">CheckOutCompleteTestCase2</a></td><td rowspan="1">1711538379270</td><td rowspan="1">4241</td></tr><tr class="passedeven"><td rowspan="13">TestCase.HomeTestCase</td><td><a href="#m32">HomeTestCase1</a></td><td rowspan="1">1711538441074</td><td rowspan="1">2443</td></tr><tr class="passedeven"><td><a href="#m33">HomeTestCase10</a></td><td rowspan="1">1711538445319</td><td rowspan="1">2426</td></tr><tr class="passedeven"><td><a href="#m34">HomeTestCase11</a></td><td rowspan="1">1711538449513</td><td rowspan="1">2435</td></tr><tr class="passedeven"><td><a href="#m35">HomeTestCase12</a></td><td rowspan="1">1711538453132</td><td rowspan="1">2779</td></tr><tr class="passedeven"><td><a href="#m36">HomeTestCase13</a></td><td rowspan="1">1711538457552</td><td rowspan="1">2444</td></tr><tr class="passedeven"><td><a href="#m37">HomeTestCase2</a></td><td rowspan="1">1711538467560</td><td rowspan="1">2376</td></tr><tr class="passedeven"><td><a href="#m38">HomeTestCase3</a></td><td rowspan="1">1711538471462</td><td rowspan="1">2431</td></tr><tr class="passedeven"><td><a href="#m39">HomeTestCase4</a></td><td rowspan="1">1711538475064</td><td rowspan="1">2994</td></tr><tr class="passedeven"><td><a href="#m40">HomeTestCase5</a></td><td rowspan="1">1711538479711</td><td rowspan="1">2381</td></tr><tr class="passedeven"><td><a href="#m41">HomeTestCase6</a></td><td rowspan="1">1711538483212</td><td rowspan="1">2720</td></tr><tr class="passedeven"><td><a href="#m42">HomeTestCase7</a></td><td rowspan="1">1711538487471</td><td rowspan="1">2466</td></tr><tr class="passedeven"><td><a href="#m43">HomeTestCase8</a></td><td rowspan="1">1711538491740</td><td rowspan="1">2332</td></tr><tr class="passedeven"><td><a href="#m44">HomeTestCase9</a></td><td rowspan="1">1711538495548</td><td rowspan="1">2431</td></tr><tr class="passedodd"><td rowspan="11">TestCase.LoginTestCase</td><td><a href="#m45">LoginTestCase1</a></td><td rowspan="1">1711538385136</td><td rowspan="1">1315</td></tr><tr class="passedodd"><td><a href="#m46">LoginTestCase10</a></td><td rowspan="1">1711538387583</td><td rowspan="1">2631</td></tr><tr class="passedodd"><td><a href="#m47">LoginTestCase11</a></td><td rowspan="1">1711538391893</td><td rowspan="1">2231</td></tr><tr class="passedodd"><td><a href="#m48">LoginTestCase2</a></td><td rowspan="1">1711538396019</td><td rowspan="1">1278</td></tr><tr class="passedodd"><td><a href="#m49">LoginTestCase3</a></td><td rowspan="1">1711538398583</td><td rowspan="1">1852</td></tr><tr class="passedodd"><td><a href="#m50">LoginTestCase4</a></td><td rowspan="1">1711538401939</td><td rowspan="1">1283</td></tr><tr class="passedodd"><td><a href="#m51">LoginTestCase5</a></td><td rowspan="1">1711538404357</td><td rowspan="1">6693</td></tr><tr class="passedodd"><td><a href="#m52">LoginTestCase6</a></td><td rowspan="1">1711538412266</td><td rowspan="1">1692</td></tr><tr class="passedodd"><td><a href="#m53">LoginTestCase7</a></td><td rowspan="1">1711538415548</td><td rowspan="1">1305</td></tr><tr class="passedodd"><td><a href="#m54">LoginTestCase8</a></td><td rowspan="1">1711538418317</td><td rowspan="1">2273</td></tr><tr class="passedodd"><td><a href="#m55">LoginTestCase9</a></td><td rowspan="1">1711538421776</td><td rowspan="1">2632</td></tr></tbody>
</table>
<h2>Test</h2><h3 id="m0">TestCase.CheckOutOverviewTestCase#CheckOutOverviewTestCase10</h3><table class="result"><tr><th>Exception</th></tr><tr><td><div class="stacktrace">org.openqa.selenium.NoSuchElementException: no such element: Unable to locate element: {&quot;method&quot;:&quot;css selector&quot;,&quot;selector&quot;:&quot;div.page_wrapper div:nth-child(1) div.checkout_summary_container div:nth-child(1) div.summary_info &gt; div.summary_info_label.summary_total_label:nth-child(8)&quot;}
  (Session info: chrome=123.0.6312.59)
For documentation on this error, please visit: https://www.selenium.dev/documentation/webdriver/troubleshooting/errors#no-such-element-exception
Build info: version: &apos;4.10.0&apos;, revision: &apos;c14d967899&apos;
System info: os.name: &apos;Windows 11&apos;, os.arch: &apos;amd64&apos;, os.version: &apos;10.0&apos;, java.version: &apos;17.0.9&apos;
Driver info: org.openqa.selenium.chrome.ChromeDriver
Command: [bd2052401837d4f8db14c930d4cb4b89, findElement {using=css selector, value=div.page_wrapper div:nth-child(1) div.checkout_summary_container div:nth-child(1) div.summary_info &gt; div.summary_info_label.summary_total_label:nth-child(8)}]
Capabilities {acceptInsecureCerts: false, browserName: chrome, browserVersion: 123.0.6312.59, chrome: {chromedriverVersion: 123.0.6312.86 (9b72c47a0536..., userDataDir: C:\Users\PRIYAN~1\AppData\L...}, fedcm:accounts: true, goog:chromeOptions: {debuggerAddress: localhost:63510}, networkConnectionEnabled: false, pageLoadStrategy: normal, platformName: windows, proxy: Proxy(), se:cdp: ws://localhost:63510/devtoo..., se:cdpVersion: 123.0.6312.59, setWindowRect: true, strictFileInteractability: false, timeouts: {implicit: 0, pageLoad: 300000, script: 30000}, unhandledPromptBehavior: dismiss and notify, webauthn:extension:credBlob: true, webauthn:extension:largeBlob: true, webauthn:extension:minPinLength: true, webauthn:extension:prf: true, webauthn:virtualAuthenticators: true}
Session ID: bd2052401837d4f8db14c930d4cb4b89
	at org.openqa.selenium.remote.codec.w3c.W3CHttpResponseCodec.createException(W3CHttpResponseCodec.java:199)
	at org.openqa.selenium.remote.codec.w3c.W3CHttpResponseCodec.decode(W3CHttpResponseCodec.java:132)
	at org.openqa.selenium.remote.codec.w3c.W3CHttpResponseCodec.decode(W3CHttpResponseCodec.java:51)
	at org.openqa.selenium.remote.HttpCommandExecutor.execute(HttpCommandExecutor.java:191)
	at org.openqa.selenium.remote.service.DriverCommandExecutor.invokeExecute(DriverCommandExecutor.java:196)
	at org.openqa.selenium.remote.service.DriverCommandExecutor.execute(DriverCommandExecutor.java:171)
	at org.openqa.selenium.remote.RemoteWebDriver.execute(RemoteWebDriver.java:531)
	at org.openqa.selenium.remote.ElementLocation$ElementFinder$2.findElement(ElementLocation.java:165)
	at org.openqa.selenium.remote.ElementLocation.findElement(ElementLocation.java:59)
	at org.openqa.selenium.remote.RemoteWebDriver.findElement(RemoteWebDriver.java:350)
	at org.openqa.selenium.remote.RemoteWebDriver.findElement(RemoteWebDriver.java:344)
	at TestCase.CheckOutOverviewTestCase.CheckOutOverviewTestCase10(CheckOutOverviewTestCase.java:368)
	at java.base/java.util.ArrayList.forEach(ArrayList.java:1511)
... Removed 32 stack frames</div></td></tr></table><p class="totop"><a href="#summary">back to summary</a></p>
<h3 id="m1">TestCase.CheckOutOverviewTestCase#CheckOutOverviewTestCase2</h3><table class="result"><tr><th>Exception</th></tr><tr><td><div class="stacktrace">org.openqa.selenium.NoSuchElementException: no such element: Unable to locate element: {&quot;method&quot;:&quot;css selector&quot;,&quot;selector&quot;:&quot;div.page_wrapper div.checkout_summary_container div.cart_list div.cart_item:nth-child(4) div.cart_item_label div.item_pricebar:nth-child(3) &gt; div.inventory_item_price&quot;}
  (Session info: chrome=123.0.6312.59)
For documentation on this error, please visit: https://www.selenium.dev/documentation/webdriver/troubleshooting/errors#no-such-element-exception
Build info: version: &apos;4.10.0&apos;, revision: &apos;c14d967899&apos;
System info: os.name: &apos;Windows 11&apos;, os.arch: &apos;amd64&apos;, os.version: &apos;10.0&apos;, java.version: &apos;17.0.9&apos;
Driver info: org.openqa.selenium.chrome.ChromeDriver
Command: [665e63252a1f5365212cc6ec8f8c7c87, findElement {using=css selector, value=div.page_wrapper div.checkout_summary_container div.cart_list div.cart_item:nth-child(4) div.cart_item_label div.item_pricebar:nth-child(3) &gt; div.inventory_item_price}]
Capabilities {acceptInsecureCerts: false, browserName: chrome, browserVersion: 123.0.6312.59, chrome: {chromedriverVersion: 123.0.6312.86 (9b72c47a0536..., userDataDir: C:\Users\PRIYAN~1\AppData\L...}, fedcm:accounts: true, goog:chromeOptions: {debuggerAddress: localhost:63562}, networkConnectionEnabled: false, pageLoadStrategy: normal, platformName: windows, proxy: Proxy(), se:cdp: ws://localhost:63562/devtoo..., se:cdpVersion: 123.0.6312.59, setWindowRect: true, strictFileInteractability: false, timeouts: {implicit: 0, pageLoad: 300000, script: 30000}, unhandledPromptBehavior: dismiss and notify, webauthn:extension:credBlob: true, webauthn:extension:largeBlob: true, webauthn:extension:minPinLength: true, webauthn:extension:prf: true, webauthn:virtualAuthenticators: true}
Session ID: 665e63252a1f5365212cc6ec8f8c7c87
	at org.openqa.selenium.remote.codec.w3c.W3CHttpResponseCodec.createException(W3CHttpResponseCodec.java:199)
	at org.openqa.selenium.remote.codec.w3c.W3CHttpResponseCodec.decode(W3CHttpResponseCodec.java:132)
	at org.openqa.selenium.remote.codec.w3c.W3CHttpResponseCodec.decode(W3CHttpResponseCodec.java:51)
	at org.openqa.selenium.remote.HttpCommandExecutor.execute(HttpCommandExecutor.java:191)
	at org.openqa.selenium.remote.service.DriverCommandExecutor.invokeExecute(DriverCommandExecutor.java:196)
	at org.openqa.selenium.remote.service.DriverCommandExecutor.execute(DriverCommandExecutor.java:171)
	at org.openqa.selenium.remote.RemoteWebDriver.execute(RemoteWebDriver.java:531)
	at org.openqa.selenium.remote.ElementLocation$ElementFinder$2.findElement(ElementLocation.java:165)
	at org.openqa.selenium.remote.ElementLocation.findElement(ElementLocation.java:59)
	at org.openqa.selenium.remote.RemoteWebDriver.findElement(RemoteWebDriver.java:350)
	at org.openqa.selenium.remote.RemoteWebDriver.findElement(RemoteWebDriver.java:344)
	at TestCase.CheckOutOverviewTestCase.CheckOutOverviewTestCase2(CheckOutOverviewTestCase.java:91)
	at java.base/java.util.ArrayList.forEach(ArrayList.java:1511)
... Removed 32 stack frames</div></td></tr></table><p class="totop"><a href="#summary">back to summary</a></p>
<h3 id="m2">TestCase.CheckOutOverviewTestCase#CheckOutOverviewTestCase3</h3><table class="result"><tr><th>Exception</th></tr><tr><td><div class="stacktrace">org.openqa.selenium.NoSuchElementException: no such element: Unable to locate element: {&quot;method&quot;:&quot;css selector&quot;,&quot;selector&quot;:&quot;div.page_wrapper div.checkout_summary_container div.cart_list div.cart_item:nth-child(5) div.cart_item_label div.item_pricebar:nth-child(3) &gt; div.inventory_item_price&quot;}
  (Session info: chrome=123.0.6312.59)
For documentation on this error, please visit: https://www.selenium.dev/documentation/webdriver/troubleshooting/errors#no-such-element-exception
Build info: version: &apos;4.10.0&apos;, revision: &apos;c14d967899&apos;
System info: os.name: &apos;Windows 11&apos;, os.arch: &apos;amd64&apos;, os.version: &apos;10.0&apos;, java.version: &apos;17.0.9&apos;
Driver info: org.openqa.selenium.chrome.ChromeDriver
Command: [5f1737653693b3bffedcf51ac93fb4bb, findElement {using=css selector, value=div.page_wrapper div.checkout_summary_container div.cart_list div.cart_item:nth-child(5) div.cart_item_label div.item_pricebar:nth-child(3) &gt; div.inventory_item_price}]
Capabilities {acceptInsecureCerts: false, browserName: chrome, browserVersion: 123.0.6312.59, chrome: {chromedriverVersion: 123.0.6312.86 (9b72c47a0536..., userDataDir: C:\Users\PRIYAN~1\AppData\L...}, fedcm:accounts: true, goog:chromeOptions: {debuggerAddress: localhost:63585}, networkConnectionEnabled: false, pageLoadStrategy: normal, platformName: windows, proxy: Proxy(), se:cdp: ws://localhost:63585/devtoo..., se:cdpVersion: 123.0.6312.59, setWindowRect: true, strictFileInteractability: false, timeouts: {implicit: 0, pageLoad: 300000, script: 30000}, unhandledPromptBehavior: dismiss and notify, webauthn:extension:credBlob: true, webauthn:extension:largeBlob: true, webauthn:extension:minPinLength: true, webauthn:extension:prf: true, webauthn:virtualAuthenticators: true}
Session ID: 5f1737653693b3bffedcf51ac93fb4bb
	at org.openqa.selenium.remote.codec.w3c.W3CHttpResponseCodec.createException(W3CHttpResponseCodec.java:199)
	at org.openqa.selenium.remote.codec.w3c.W3CHttpResponseCodec.decode(W3CHttpResponseCodec.java:132)
	at org.openqa.selenium.remote.codec.w3c.W3CHttpResponseCodec.decode(W3CHttpResponseCodec.java:51)
	at org.openqa.selenium.remote.HttpCommandExecutor.execute(HttpCommandExecutor.java:191)
	at org.openqa.selenium.remote.service.DriverCommandExecutor.invokeExecute(DriverCommandExecutor.java:196)
	at org.openqa.selenium.remote.service.DriverCommandExecutor.execute(DriverCommandExecutor.java:171)
	at org.openqa.selenium.remote.RemoteWebDriver.execute(RemoteWebDriver.java:531)
	at org.openqa.selenium.remote.ElementLocation$ElementFinder$2.findElement(ElementLocation.java:165)
	at org.openqa.selenium.remote.ElementLocation.findElement(ElementLocation.java:59)
	at org.openqa.selenium.remote.RemoteWebDriver.findElement(RemoteWebDriver.java:350)
	at org.openqa.selenium.remote.RemoteWebDriver.findElement(RemoteWebDriver.java:344)
	at TestCase.CheckOutOverviewTestCase.CheckOutOverviewTestCase3(CheckOutOverviewTestCase.java:125)
	at java.base/java.util.ArrayList.forEach(ArrayList.java:1511)
... Removed 32 stack frames</div></td></tr></table><p class="totop"><a href="#summary">back to summary</a></p>
<h3 id="m3">TestCase.CheckOutOverviewTestCase#CheckOutOverviewTestCase4</h3><table class="result"><tr><th>Exception</th></tr><tr><td><div class="stacktrace">org.openqa.selenium.NoSuchElementException: no such element: Unable to locate element: {&quot;method&quot;:&quot;css selector&quot;,&quot;selector&quot;:&quot;div.page_wrapper div.checkout_summary_container div.cart_list div.cart_item:nth-child(6) div.cart_item_label div.item_pricebar:nth-child(3) &gt; div.inventory_item_price&quot;}
  (Session info: chrome=123.0.6312.59)
For documentation on this error, please visit: https://www.selenium.dev/documentation/webdriver/troubleshooting/errors#no-such-element-exception
Build info: version: &apos;4.10.0&apos;, revision: &apos;c14d967899&apos;
System info: os.name: &apos;Windows 11&apos;, os.arch: &apos;amd64&apos;, os.version: &apos;10.0&apos;, java.version: &apos;17.0.9&apos;
Driver info: org.openqa.selenium.chrome.ChromeDriver
Command: [5456af6130ed49678af7df8e7da2fa1a, findElement {using=css selector, value=div.page_wrapper div.checkout_summary_container div.cart_list div.cart_item:nth-child(6) div.cart_item_label div.item_pricebar:nth-child(3) &gt; div.inventory_item_price}]
Capabilities {acceptInsecureCerts: false, browserName: chrome, browserVersion: 123.0.6312.59, chrome: {chromedriverVersion: 123.0.6312.86 (9b72c47a0536..., userDataDir: C:\Users\PRIYAN~1\AppData\L...}, fedcm:accounts: true, goog:chromeOptions: {debuggerAddress: localhost:63611}, networkConnectionEnabled: false, pageLoadStrategy: normal, platformName: windows, proxy: Proxy(), se:cdp: ws://localhost:63611/devtoo..., se:cdpVersion: 123.0.6312.59, setWindowRect: true, strictFileInteractability: false, timeouts: {implicit: 0, pageLoad: 300000, script: 30000}, unhandledPromptBehavior: dismiss and notify, webauthn:extension:credBlob: true, webauthn:extension:largeBlob: true, webauthn:extension:minPinLength: true, webauthn:extension:prf: true, webauthn:virtualAuthenticators: true}
Session ID: 5456af6130ed49678af7df8e7da2fa1a
	at org.openqa.selenium.remote.codec.w3c.W3CHttpResponseCodec.createException(W3CHttpResponseCodec.java:199)
	at org.openqa.selenium.remote.codec.w3c.W3CHttpResponseCodec.decode(W3CHttpResponseCodec.java:132)
	at org.openqa.selenium.remote.codec.w3c.W3CHttpResponseCodec.decode(W3CHttpResponseCodec.java:51)
	at org.openqa.selenium.remote.HttpCommandExecutor.execute(HttpCommandExecutor.java:191)
	at org.openqa.selenium.remote.service.DriverCommandExecutor.invokeExecute(DriverCommandExecutor.java:196)
	at org.openqa.selenium.remote.service.DriverCommandExecutor.execute(DriverCommandExecutor.java:171)
	at org.openqa.selenium.remote.RemoteWebDriver.execute(RemoteWebDriver.java:531)
	at org.openqa.selenium.remote.ElementLocation$ElementFinder$2.findElement(ElementLocation.java:165)
	at org.openqa.selenium.remote.ElementLocation.findElement(ElementLocation.java:59)
	at org.openqa.selenium.remote.RemoteWebDriver.findElement(RemoteWebDriver.java:350)
	at org.openqa.selenium.remote.RemoteWebDriver.findElement(RemoteWebDriver.java:344)
	at TestCase.CheckOutOverviewTestCase.CheckOutOverviewTestCase4(CheckOutOverviewTestCase.java:159)
	at java.base/java.util.ArrayList.forEach(ArrayList.java:1511)
... Removed 32 stack frames</div></td></tr></table><p class="totop"><a href="#summary">back to summary</a></p>
<h3 id="m4">TestCase.CheckOutOverviewTestCase#CheckOutOverviewTestCase5</h3><table class="result"><tr><th>Exception</th></tr><tr><td><div class="stacktrace">org.openqa.selenium.NoSuchElementException: no such element: Unable to locate element: {&quot;method&quot;:&quot;css selector&quot;,&quot;selector&quot;:&quot;div.page_wrapper div.checkout_summary_container div.cart_list div.cart_item:nth-child(7) div.cart_item_label div.item_pricebar:nth-child(3) &gt; div.inventory_item_price&quot;}
  (Session info: chrome=123.0.6312.59)
For documentation on this error, please visit: https://www.selenium.dev/documentation/webdriver/troubleshooting/errors#no-such-element-exception
Build info: version: &apos;4.10.0&apos;, revision: &apos;c14d967899&apos;
System info: os.name: &apos;Windows 11&apos;, os.arch: &apos;amd64&apos;, os.version: &apos;10.0&apos;, java.version: &apos;17.0.9&apos;
Driver info: org.openqa.selenium.chrome.ChromeDriver
Command: [34e6e1991765be70e1e02d4300c43d43, findElement {using=css selector, value=div.page_wrapper div.checkout_summary_container div.cart_list div.cart_item:nth-child(7) div.cart_item_label div.item_pricebar:nth-child(3) &gt; div.inventory_item_price}]
Capabilities {acceptInsecureCerts: false, browserName: chrome, browserVersion: 123.0.6312.59, chrome: {chromedriverVersion: 123.0.6312.86 (9b72c47a0536..., userDataDir: C:\Users\PRIYAN~1\AppData\L...}, fedcm:accounts: true, goog:chromeOptions: {debuggerAddress: localhost:63636}, networkConnectionEnabled: false, pageLoadStrategy: normal, platformName: windows, proxy: Proxy(), se:cdp: ws://localhost:63636/devtoo..., se:cdpVersion: 123.0.6312.59, setWindowRect: true, strictFileInteractability: false, timeouts: {implicit: 0, pageLoad: 300000, script: 30000}, unhandledPromptBehavior: dismiss and notify, webauthn:extension:credBlob: true, webauthn:extension:largeBlob: true, webauthn:extension:minPinLength: true, webauthn:extension:prf: true, webauthn:virtualAuthenticators: true}
Session ID: 34e6e1991765be70e1e02d4300c43d43
	at org.openqa.selenium.remote.codec.w3c.W3CHttpResponseCodec.createException(W3CHttpResponseCodec.java:199)
	at org.openqa.selenium.remote.codec.w3c.W3CHttpResponseCodec.decode(W3CHttpResponseCodec.java:132)
	at org.openqa.selenium.remote.codec.w3c.W3CHttpResponseCodec.decode(W3CHttpResponseCodec.java:51)
	at org.openqa.selenium.remote.HttpCommandExecutor.execute(HttpCommandExecutor.java:191)
	at org.openqa.selenium.remote.service.DriverCommandExecutor.invokeExecute(DriverCommandExecutor.java:196)
	at org.openqa.selenium.remote.service.DriverCommandExecutor.execute(DriverCommandExecutor.java:171)
	at org.openqa.selenium.remote.RemoteWebDriver.execute(RemoteWebDriver.java:531)
	at org.openqa.selenium.remote.ElementLocation$ElementFinder$2.findElement(ElementLocation.java:165)
	at org.openqa.selenium.remote.ElementLocation.findElement(ElementLocation.java:59)
	at org.openqa.selenium.remote.RemoteWebDriver.findElement(RemoteWebDriver.java:350)
	at org.openqa.selenium.remote.RemoteWebDriver.findElement(RemoteWebDriver.java:344)
	at TestCase.CheckOutOverviewTestCase.CheckOutOverviewTestCase5(CheckOutOverviewTestCase.java:193)
	at java.base/java.util.ArrayList.forEach(ArrayList.java:1511)
... Removed 32 stack frames</div></td></tr></table><p class="totop"><a href="#summary">back to summary</a></p>
<h3 id="m5">TestCase.CheckOutOverviewTestCase#CheckOutOverviewTestCase6</h3><table class="result"><tr><th>Exception</th></tr><tr><td><div class="stacktrace">org.openqa.selenium.NoSuchElementException: no such element: Unable to locate element: {&quot;method&quot;:&quot;css selector&quot;,&quot;selector&quot;:&quot;div.page_wrapper div.checkout_summary_container div.cart_list div.cart_item:nth-child(3) div.cart_item_label div.item_pricebar:nth-child(3) &gt; div.inventory_item_price&quot;}
  (Session info: chrome=123.0.6312.59)
For documentation on this error, please visit: https://www.selenium.dev/documentation/webdriver/troubleshooting/errors#no-such-element-exception
Build info: version: &apos;4.10.0&apos;, revision: &apos;c14d967899&apos;
System info: os.name: &apos;Windows 11&apos;, os.arch: &apos;amd64&apos;, os.version: &apos;10.0&apos;, java.version: &apos;17.0.9&apos;
Driver info: org.openqa.selenium.chrome.ChromeDriver
Command: [50eeca18bac69d8cff4f452fae09ac58, findElement {using=css selector, value=div.page_wrapper div.checkout_summary_container div.cart_list div.cart_item:nth-child(3) div.cart_item_label div.item_pricebar:nth-child(3) &gt; div.inventory_item_price}]
Capabilities {acceptInsecureCerts: false, browserName: chrome, browserVersion: 123.0.6312.59, chrome: {chromedriverVersion: 123.0.6312.86 (9b72c47a0536..., userDataDir: C:\Users\PRIYAN~1\AppData\L...}, fedcm:accounts: true, goog:chromeOptions: {debuggerAddress: localhost:63661}, networkConnectionEnabled: false, pageLoadStrategy: normal, platformName: windows, proxy: Proxy(), se:cdp: ws://localhost:63661/devtoo..., se:cdpVersion: 123.0.6312.59, setWindowRect: true, strictFileInteractability: false, timeouts: {implicit: 0, pageLoad: 300000, script: 30000}, unhandledPromptBehavior: dismiss and notify, webauthn:extension:credBlob: true, webauthn:extension:largeBlob: true, webauthn:extension:minPinLength: true, webauthn:extension:prf: true, webauthn:virtualAuthenticators: true}
Session ID: 50eeca18bac69d8cff4f452fae09ac58
	at org.openqa.selenium.remote.codec.w3c.W3CHttpResponseCodec.createException(W3CHttpResponseCodec.java:199)
	at org.openqa.selenium.remote.codec.w3c.W3CHttpResponseCodec.decode(W3CHttpResponseCodec.java:132)
	at org.openqa.selenium.remote.codec.w3c.W3CHttpResponseCodec.decode(W3CHttpResponseCodec.java:51)
	at org.openqa.selenium.remote.HttpCommandExecutor.execute(HttpCommandExecutor.java:191)
	at org.openqa.selenium.remote.service.DriverCommandExecutor.invokeExecute(DriverCommandExecutor.java:196)
	at org.openqa.selenium.remote.service.DriverCommandExecutor.execute(DriverCommandExecutor.java:171)
	at org.openqa.selenium.remote.RemoteWebDriver.execute(RemoteWebDriver.java:531)
	at org.openqa.selenium.remote.ElementLocation$ElementFinder$2.findElement(ElementLocation.java:165)
	at org.openqa.selenium.remote.ElementLocation.findElement(ElementLocation.java:59)
	at org.openqa.selenium.remote.RemoteWebDriver.findElement(RemoteWebDriver.java:350)
	at org.openqa.selenium.remote.RemoteWebDriver.findElement(RemoteWebDriver.java:344)
	at TestCase.CheckOutOverviewTestCase.CheckOutOverviewTestCase6(CheckOutOverviewTestCase.java:228)
	at java.base/java.util.ArrayList.forEach(ArrayList.java:1511)
... Removed 32 stack frames</div></td></tr></table><p class="totop"><a href="#summary">back to summary</a></p>
<h3 id="m6">TestCase.CheckOutOverviewTestCase#CheckOutOverviewTestCase7</h3><table class="result"><tr><th>Exception</th></tr><tr><td><div class="stacktrace">org.openqa.selenium.NoSuchElementException: no such element: Unable to locate element: {&quot;method&quot;:&quot;css selector&quot;,&quot;selector&quot;:&quot;div.page_wrapper div.checkout_summary_container div.cart_list div.cart_item:nth-child(8) div.cart_item_label div.item_pricebar:nth-child(3) &gt; div.inventory_item_price&quot;}
  (Session info: chrome=123.0.6312.59)
For documentation on this error, please visit: https://www.selenium.dev/documentation/webdriver/troubleshooting/errors#no-such-element-exception
Build info: version: &apos;4.10.0&apos;, revision: &apos;c14d967899&apos;
System info: os.name: &apos;Windows 11&apos;, os.arch: &apos;amd64&apos;, os.version: &apos;10.0&apos;, java.version: &apos;17.0.9&apos;
Driver info: org.openqa.selenium.chrome.ChromeDriver
Command: [9529ce3229e46c3ce23eb0a457e2fd41, findElement {using=css selector, value=div.page_wrapper div.checkout_summary_container div.cart_list div.cart_item:nth-child(8) div.cart_item_label div.item_pricebar:nth-child(3) &gt; div.inventory_item_price}]
Capabilities {acceptInsecureCerts: false, browserName: chrome, browserVersion: 123.0.6312.59, chrome: {chromedriverVersion: 123.0.6312.86 (9b72c47a0536..., userDataDir: C:\Users\PRIYAN~1\AppData\L...}, fedcm:accounts: true, goog:chromeOptions: {debuggerAddress: localhost:63684}, networkConnectionEnabled: false, pageLoadStrategy: normal, platformName: windows, proxy: Proxy(), se:cdp: ws://localhost:63684/devtoo..., se:cdpVersion: 123.0.6312.59, setWindowRect: true, strictFileInteractability: false, timeouts: {implicit: 0, pageLoad: 300000, script: 30000}, unhandledPromptBehavior: dismiss and notify, webauthn:extension:credBlob: true, webauthn:extension:largeBlob: true, webauthn:extension:minPinLength: true, webauthn:extension:prf: true, webauthn:virtualAuthenticators: true}
Session ID: 9529ce3229e46c3ce23eb0a457e2fd41
	at org.openqa.selenium.remote.codec.w3c.W3CHttpResponseCodec.createException(W3CHttpResponseCodec.java:199)
	at org.openqa.selenium.remote.codec.w3c.W3CHttpResponseCodec.decode(W3CHttpResponseCodec.java:132)
	at org.openqa.selenium.remote.codec.w3c.W3CHttpResponseCodec.decode(W3CHttpResponseCodec.java:51)
	at org.openqa.selenium.remote.HttpCommandExecutor.execute(HttpCommandExecutor.java:191)
	at org.openqa.selenium.remote.service.DriverCommandExecutor.invokeExecute(DriverCommandExecutor.java:196)
	at org.openqa.selenium.remote.service.DriverCommandExecutor.execute(DriverCommandExecutor.java:171)
	at org.openqa.selenium.remote.RemoteWebDriver.execute(RemoteWebDriver.java:531)
	at org.openqa.selenium.remote.ElementLocation$ElementFinder$2.findElement(ElementLocation.java:165)
	at org.openqa.selenium.remote.ElementLocation.findElement(ElementLocation.java:59)
	at org.openqa.selenium.remote.RemoteWebDriver.findElement(RemoteWebDriver.java:350)
	at org.openqa.selenium.remote.RemoteWebDriver.findElement(RemoteWebDriver.java:344)
	at TestCase.CheckOutOverviewTestCase.CheckOutOverviewTestCase7(CheckOutOverviewTestCase.java:263)
	at java.base/java.util.ArrayList.forEach(ArrayList.java:1511)
... Removed 32 stack frames</div></td></tr></table><p class="totop"><a href="#summary">back to summary</a></p>
<h3 id="m7">TestCase.CheckOutOverviewTestCase#CheckOutOverviewTestCase8</h3><table class="result"><tr><th>Exception</th></tr><tr><td><div class="stacktrace">java.lang.AssertionError: expected [Item total: $129.94] but found [Item total: $0]
	at TestCase.CheckOutOverviewTestCase.CheckOutOverviewTestCase8(CheckOutOverviewTestCase.java:300)
	at java.base/java.util.ArrayList.forEach(ArrayList.java:1511)
... Removed 33 stack frames</div></td></tr></table><p class="totop"><a href="#summary">back to summary</a></p>
<h3 id="m8">TestCase.CheckOutOverviewTestCase#CheckOutOverviewTestCase9</h3><table class="result"><tr><th>Exception</th></tr><tr><td><div class="stacktrace">java.lang.AssertionError: expected [Tax: $10.40] but found [Tax: $0.00]
	at TestCase.CheckOutOverviewTestCase.CheckOutOverviewTestCase9(CheckOutOverviewTestCase.java:335)
	at java.base/java.util.ArrayList.forEach(ArrayList.java:1511)
... Removed 33 stack frames</div></td></tr></table><p class="totop"><a href="#summary">back to summary</a></p>
<h3 id="m9">TestCase.HomeTestCase#HomeTestCase14</h3><table class="result"><tr><th>Exception</th></tr><tr><td><div class="stacktrace">org.openqa.selenium.ElementNotInteractableException: element not interactable
  (Session info: chrome=123.0.6312.59)
Build info: version: &apos;4.10.0&apos;, revision: &apos;c14d967899&apos;
System info: os.name: &apos;Windows 11&apos;, os.arch: &apos;amd64&apos;, os.version: &apos;10.0&apos;, java.version: &apos;17.0.9&apos;
Driver info: org.openqa.selenium.chrome.ChromeDriver
Command: [cfabd9c2a51a71102a6e502c42ccdd54, clickElement {id=f.34BED4E8A735DB06B3D415D4C52337E3.d.9E4CA55B2870B847DE1F722D5B99DFE4.e.27}]
Capabilities {acceptInsecureCerts: false, browserName: chrome, browserVersion: 123.0.6312.59, chrome: {chromedriverVersion: 123.0.6312.86 (9b72c47a0536..., userDataDir: C:\Users\PRIYAN~1\AppData\L...}, fedcm:accounts: true, goog:chromeOptions: {debuggerAddress: localhost:64820}, networkConnectionEnabled: false, pageLoadStrategy: normal, platformName: windows, proxy: Proxy(), se:cdp: ws://localhost:64820/devtoo..., se:cdpVersion: 123.0.6312.59, setWindowRect: true, strictFileInteractability: false, timeouts: {implicit: 0, pageLoad: 300000, script: 30000}, unhandledPromptBehavior: dismiss and notify, webauthn:extension:credBlob: true, webauthn:extension:largeBlob: true, webauthn:extension:minPinLength: true, webauthn:extension:prf: true, webauthn:virtualAuthenticators: true}
Element: [[ChromeDriver: chrome on windows (cfabd9c2a51a71102a6e502c42ccdd54)] -&gt; xpath: //a[@id=&apos;about_sidebar_link&apos;]]
Session ID: cfabd9c2a51a71102a6e502c42ccdd54
	at org.openqa.selenium.remote.codec.w3c.W3CHttpResponseCodec.createException(W3CHttpResponseCodec.java:199)
	at org.openqa.selenium.remote.codec.w3c.W3CHttpResponseCodec.decode(W3CHttpResponseCodec.java:132)
	at org.openqa.selenium.remote.codec.w3c.W3CHttpResponseCodec.decode(W3CHttpResponseCodec.java:51)
	at org.openqa.selenium.remote.HttpCommandExecutor.execute(HttpCommandExecutor.java:191)
	at org.openqa.selenium.remote.service.DriverCommandExecutor.invokeExecute(DriverCommandExecutor.java:196)
	at org.openqa.selenium.remote.service.DriverCommandExecutor.execute(DriverCommandExecutor.java:171)
	at org.openqa.selenium.remote.RemoteWebDriver.execute(RemoteWebDriver.java:531)
	at org.openqa.selenium.remote.RemoteWebElement.execute(RemoteWebElement.java:242)
	at org.openqa.selenium.remote.RemoteWebElement.click(RemoteWebElement.java:77)
	at PageObject.HomePageObject.ClickAboutSideBarLink(HomePageObject.java:90)
	at TestCase.HomeTestCase.HomeTestCase14(HomeTestCase.java:166)
	at java.base/java.util.ArrayList.forEach(ArrayList.java:1511)
... Removed 32 stack frames</div></td></tr></table><p class="totop"><a href="#summary">back to summary</a></p>
<h3 id="m10">TestCase.HomeTestCase#HomeTestCase15</h3><table class="result"><tr><th>Exception</th></tr><tr><td><div class="stacktrace">org.openqa.selenium.ElementNotInteractableException: element not interactable
  (Session info: chrome=123.0.6312.59)
Build info: version: &apos;4.10.0&apos;, revision: &apos;c14d967899&apos;
System info: os.name: &apos;Windows 11&apos;, os.arch: &apos;amd64&apos;, os.version: &apos;10.0&apos;, java.version: &apos;17.0.9&apos;
Driver info: org.openqa.selenium.chrome.ChromeDriver
Command: [51d4b3e2d4cb4af38e7b8671ebffaa13, clickElement {id=f.6912AEE332714A5E23A97861CB5DD42F.d.CC2237A29778D7E8986353CB9F7E4F0A.e.27}]
Capabilities {acceptInsecureCerts: false, browserName: chrome, browserVersion: 123.0.6312.59, chrome: {chromedriverVersion: 123.0.6312.86 (9b72c47a0536..., userDataDir: C:\Users\PRIYAN~1\AppData\L...}, fedcm:accounts: true, goog:chromeOptions: {debuggerAddress: localhost:64846}, networkConnectionEnabled: false, pageLoadStrategy: normal, platformName: windows, proxy: Proxy(), se:cdp: ws://localhost:64846/devtoo..., se:cdpVersion: 123.0.6312.59, setWindowRect: true, strictFileInteractability: false, timeouts: {implicit: 0, pageLoad: 300000, script: 30000}, unhandledPromptBehavior: dismiss and notify, webauthn:extension:credBlob: true, webauthn:extension:largeBlob: true, webauthn:extension:minPinLength: true, webauthn:extension:prf: true, webauthn:virtualAuthenticators: true}
Element: [[ChromeDriver: chrome on windows (51d4b3e2d4cb4af38e7b8671ebffaa13)] -&gt; xpath: //a[@id=&apos;logout_sidebar_link&apos;]]
Session ID: 51d4b3e2d4cb4af38e7b8671ebffaa13
	at org.openqa.selenium.remote.codec.w3c.W3CHttpResponseCodec.createException(W3CHttpResponseCodec.java:199)
	at org.openqa.selenium.remote.codec.w3c.W3CHttpResponseCodec.decode(W3CHttpResponseCodec.java:132)
	at org.openqa.selenium.remote.codec.w3c.W3CHttpResponseCodec.decode(W3CHttpResponseCodec.java:51)
	at org.openqa.selenium.remote.HttpCommandExecutor.execute(HttpCommandExecutor.java:191)
	at org.openqa.selenium.remote.service.DriverCommandExecutor.invokeExecute(DriverCommandExecutor.java:196)
	at org.openqa.selenium.remote.service.DriverCommandExecutor.execute(DriverCommandExecutor.java:171)
	at org.openqa.selenium.remote.RemoteWebDriver.execute(RemoteWebDriver.java:531)
	at org.openqa.selenium.remote.RemoteWebElement.execute(RemoteWebElement.java:242)
	at org.openqa.selenium.remote.RemoteWebElement.click(RemoteWebElement.java:77)
	at PageObject.HomePageObject.ClickLogoutSideBarLink(HomePageObject.java:95)
	at TestCase.HomeTestCase.HomeTestCase15(HomeTestCase.java:176)
	at java.base/java.util.ArrayList.forEach(ArrayList.java:1511)
... Removed 32 stack frames</div></td></tr></table><p class="totop"><a href="#summary">back to summary</a></p>
<h3 id="m11">TestCase.CartTestCase#CartTestCase1</h3><table class="result"><tr><th class="invisible"/></tr></table><p class="totop"><a href="#summary">back to summary</a></p>
<h3 id="m12">TestCase.CartTestCase#CartTestCase10</h3><table class="result"><tr><th class="invisible"/></tr></table><p class="totop"><a href="#summary">back to summary</a></p>
<h3 id="m13">TestCase.CartTestCase#CartTestCase11</h3><table class="result"><tr><th class="invisible"/></tr></table><p class="totop"><a href="#summary">back to summary</a></p>
<h3 id="m14">TestCase.CartTestCase#CartTestCase12</h3><table class="result"><tr><th class="invisible"/></tr></table><p class="totop"><a href="#summary">back to summary</a></p>
<h3 id="m15">TestCase.CartTestCase#CartTestCase13</h3><table class="result"><tr><th class="invisible"/></tr></table><p class="totop"><a href="#summary">back to summary</a></p>
<h3 id="m16">TestCase.CartTestCase#CartTestCase14</h3><table class="result"><tr><th class="invisible"/></tr></table><p class="totop"><a href="#summary">back to summary</a></p>
<h3 id="m17">TestCase.CartTestCase#CartTestCase2</h3><table class="result"><tr><th class="invisible"/></tr></table><p class="totop"><a href="#summary">back to summary</a></p>
<h3 id="m18">TestCase.CartTestCase#CartTestCase3</h3><table class="result"><tr><th class="invisible"/></tr></table><p class="totop"><a href="#summary">back to summary</a></p>
<h3 id="m19">TestCase.CartTestCase#CartTestCase4</h3><table class="result"><tr><th class="invisible"/></tr></table><p class="totop"><a href="#summary">back to summary</a></p>
<h3 id="m20">TestCase.CartTestCase#CartTestCase5</h3><table class="result"><tr><th class="invisible"/></tr></table><p class="totop"><a href="#summary">back to summary</a></p>
<h3 id="m21">TestCase.CartTestCase#CartTestCase6</h3><table class="result"><tr><th class="invisible"/></tr></table><p class="totop"><a href="#summary">back to summary</a></p>
<h3 id="m22">TestCase.CartTestCase#CartTestCase7</h3><table class="result"><tr><th class="invisible"/></tr></table><p class="totop"><a href="#summary">back to summary</a></p>
<h3 id="m23">TestCase.CartTestCase#CartTestCase8</h3><table class="result"><tr><th class="invisible"/></tr></table><p class="totop"><a href="#summary">back to summary</a></p>
<h3 id="m24">TestCase.CartTestCase#CartTestCase9</h3><table class="result"><tr><th class="invisible"/></tr></table><p class="totop"><a href="#summary">back to summary</a></p>
<h3 id="m25">TestCase.CheckOutOverviewTestCase#CheckOutOverviewTestCase1</h3><table class="result"><tr><th class="invisible"/></tr></table><p class="totop"><a href="#summary">back to summary</a></p>
<h3 id="m26">TestCase.CheckOutOverviewTestCase#CheckOutOverviewTestCase11</h3><table class="result"><tr><th class="invisible"/></tr></table><p class="totop"><a href="#summary">back to summary</a></p>
<h3 id="m27">TestCase.CheckOutTestCase#CheckOutTestCase1</h3><table class="result"><tr><th class="invisible"/></tr></table><p class="totop"><a href="#summary">back to summary</a></p>
<h3 id="m28">TestCase.CheckOutTestCase#CheckOutTestCase2</h3><table class="result"><tr><th class="invisible"/></tr></table><p class="totop"><a href="#summary">back to summary</a></p>
<h3 id="m29">TestCase.CheckOutTestCase#CheckOutTestCase3</h3><table class="result"><tr><th class="invisible"/></tr></table><p class="totop"><a href="#summary">back to summary</a></p>
<h3 id="m30">TestCase.CheckoutCompleteTestCase#CheckOutCompleteTestCase1</h3><table class="result"><tr><th class="invisible"/></tr></table><p class="totop"><a href="#summary">back to summary</a></p>
<h3 id="m31">TestCase.CheckoutCompleteTestCase#CheckOutCompleteTestCase2</h3><table class="result"><tr><th class="invisible"/></tr></table><p class="totop"><a href="#summary">back to summary</a></p>
<h3 id="m32">TestCase.HomeTestCase#HomeTestCase1</h3><table class="result"><tr><th class="invisible"/></tr></table><p class="totop"><a href="#summary">back to summary</a></p>
<h3 id="m33">TestCase.HomeTestCase#HomeTestCase10</h3><table class="result"><tr><th class="invisible"/></tr></table><p class="totop"><a href="#summary">back to summary</a></p>
<h3 id="m34">TestCase.HomeTestCase#HomeTestCase11</h3><table class="result"><tr><th class="invisible"/></tr></table><p class="totop"><a href="#summary">back to summary</a></p>
<h3 id="m35">TestCase.HomeTestCase#HomeTestCase12</h3><table class="result"><tr><th class="invisible"/></tr></table><p class="totop"><a href="#summary">back to summary</a></p>
<h3 id="m36">TestCase.HomeTestCase#HomeTestCase13</h3><table class="result"><tr><th class="invisible"/></tr></table><p class="totop"><a href="#summary">back to summary</a></p>
<h3 id="m37">TestCase.HomeTestCase#HomeTestCase2</h3><table class="result"><tr><th class="invisible"/></tr></table><p class="totop"><a href="#summary">back to summary</a></p>
<h3 id="m38">TestCase.HomeTestCase#HomeTestCase3</h3><table class="result"><tr><th class="invisible"/></tr></table><p class="totop"><a href="#summary">back to summary</a></p>
<h3 id="m39">TestCase.HomeTestCase#HomeTestCase4</h3><table class="result"><tr><th class="invisible"/></tr></table><p class="totop"><a href="#summary">back to summary</a></p>
<h3 id="m40">TestCase.HomeTestCase#HomeTestCase5</h3><table class="result"><tr><th class="invisible"/></tr></table><p class="totop"><a href="#summary">back to summary</a></p>
<h3 id="m41">TestCase.HomeTestCase#HomeTestCase6</h3><table class="result"><tr><th class="invisible"/></tr></table><p class="totop"><a href="#summary">back to summary</a></p>
<h3 id="m42">TestCase.HomeTestCase#HomeTestCase7</h3><table class="result"><tr><th class="invisible"/></tr></table><p class="totop"><a href="#summary">back to summary</a></p>
<h3 id="m43">TestCase.HomeTestCase#HomeTestCase8</h3><table class="result"><tr><th class="invisible"/></tr></table><p class="totop"><a href="#summary">back to summary</a></p>
<h3 id="m44">TestCase.HomeTestCase#HomeTestCase9</h3><table class="result"><tr><th class="invisible"/></tr></table><p class="totop"><a href="#summary">back to summary</a></p>
<h3 id="m45">TestCase.LoginTestCase#LoginTestCase1</h3><table class="result"><tr><th class="invisible"/></tr></table><p class="totop"><a href="#summary">back to summary</a></p>
<h3 id="m46">TestCase.LoginTestCase#LoginTestCase10</h3><table class="result"><tr><th class="invisible"/></tr></table><p class="totop"><a href="#summary">back to summary</a></p>
<h3 id="m47">TestCase.LoginTestCase#LoginTestCase11</h3><table class="result"><tr><th class="invisible"/></tr></table><p class="totop"><a href="#summary">back to summary</a></p>
<h3 id="m48">TestCase.LoginTestCase#LoginTestCase2</h3><table class="result"><tr><th class="invisible"/></tr></table><p class="totop"><a href="#summary">back to summary</a></p>
<h3 id="m49">TestCase.LoginTestCase#LoginTestCase3</h3><table class="result"><tr><th class="invisible"/></tr></table><p class="totop"><a href="#summary">back to summary</a></p>
<h3 id="m50">TestCase.LoginTestCase#LoginTestCase4</h3><table class="result"><tr><th class="invisible"/></tr></table><p class="totop"><a href="#summary">back to summary</a></p>
<h3 id="m51">TestCase.LoginTestCase#LoginTestCase5</h3><table class="result"><tr><th class="invisible"/></tr></table><p class="totop"><a href="#summary">back to summary</a></p>
<h3 id="m52">TestCase.LoginTestCase#LoginTestCase6</h3><table class="result"><tr><th class="invisible"/></tr></table><p class="totop"><a href="#summary">back to summary</a></p>
<h3 id="m53">TestCase.LoginTestCase#LoginTestCase7</h3><table class="result"><tr><th class="invisible"/></tr></table><p class="totop"><a href="#summary">back to summary</a></p>
<h3 id="m54">TestCase.LoginTestCase#LoginTestCase8</h3><table class="result"><tr><th class="invisible"/></tr></table><p class="totop"><a href="#summary">back to summary</a></p>
<h3 id="m55">TestCase.LoginTestCase#LoginTestCase9</h3><table class="result"><tr><th class="invisible"/></tr></table><p class="totop"><a href="#summary">back to summary</a></p>
</body>
</html>
