<?xml version="1.0" encoding="UTF-8"?>
<testng-results ignored="0" total="56" passed="45" failed="11" skipped="0">
  <reporter-output>
  </reporter-output>
  <suite started-at="2024-03-27T16:47:46 IST" name="Suite" finished-at="2024-03-27T16:51:38 IST" duration-ms="232102">
    <groups>
    </groups>
    <test started-at="2024-03-27T16:47:46 IST" name="Test" finished-at="2024-03-27T16:51:38 IST" duration-ms="232102">
      <class name="TestCase.LoginTestCase">
        <test-method is-config="true" signature="Setup()[pri:0, instance:TestCase.LoginTestCase@303cf2ba]" started-at="2024-03-27T16:49:43 IST" name="Setup" finished-at="2024-03-27T16:49:45 IST" duration-ms="1378" status="PASS">
          <reporter-output>
          </reporter-output>
        </test-method> <!-- Setup -->
        <test-method signature="LoginTestCase1()[pri:0, instance:TestCase.LoginTestCase@303cf2ba]" started-at="2024-03-27T16:49:45 IST" name="LoginTestCase1" finished-at="2024-03-27T16:49:46 IST" duration-ms="1315" status="PASS">
          <reporter-output>
          </reporter-output>
        </test-method> <!-- LoginTestCase1 -->
        <test-method is-config="true" signature="TearDown()[pri:0, instance:TestCase.LoginTestCase@303cf2ba]" started-at="2024-03-27T16:49:46 IST" name="TearDown" finished-at="2024-03-27T16:49:46 IST" duration-ms="213" status="PASS">
          <reporter-output>
          </reporter-output>
        </test-method> <!-- TearDown -->
        <test-method is-config="true" signature="Setup()[pri:0, instance:TestCase.LoginTestCase@303cf2ba]" started-at="2024-03-27T16:49:46 IST" name="Setup" finished-at="2024-03-27T16:49:47 IST" duration-ms="918" status="PASS">
          <reporter-output>
          </reporter-output>
        </test-method> <!-- Setup -->
        <test-method signature="LoginTestCase10()[pri:0, instance:TestCase.LoginTestCase@303cf2ba]" started-at="2024-03-27T16:49:47 IST" name="LoginTestCase10" finished-at="2024-03-27T16:49:50 IST" duration-ms="2631" status="PASS">
          <reporter-output>
          </reporter-output>
        </test-method> <!-- LoginTestCase10 -->
        <test-method is-config="true" signature="TearDown()[pri:0, instance:TestCase.LoginTestCase@303cf2ba]" started-at="2024-03-27T16:49:50 IST" name="TearDown" finished-at="2024-03-27T16:49:50 IST" duration-ms="188" status="PASS">
          <reporter-output>
          </reporter-output>
        </test-method> <!-- TearDown -->
        <test-method is-config="true" signature="Setup()[pri:0, instance:TestCase.LoginTestCase@303cf2ba]" started-at="2024-03-27T16:49:50 IST" name="Setup" finished-at="2024-03-27T16:49:51 IST" duration-ms="1488" status="PASS">
          <reporter-output>
          </reporter-output>
        </test-method> <!-- Setup -->
        <test-method signature="LoginTestCase11()[pri:0, instance:TestCase.LoginTestCase@303cf2ba]" started-at="2024-03-27T16:49:51 IST" name="LoginTestCase11" finished-at="2024-03-27T16:49:54 IST" duration-ms="2231" status="PASS">
          <reporter-output>
          </reporter-output>
        </test-method> <!-- LoginTestCase11 -->
        <test-method is-config="true" signature="TearDown()[pri:0, instance:TestCase.LoginTestCase@303cf2ba]" started-at="2024-03-27T16:49:54 IST" name="TearDown" finished-at="2024-03-27T16:49:54 IST" duration-ms="200" status="PASS">
          <reporter-output>
          </reporter-output>
        </test-method> <!-- TearDown -->
        <test-method is-config="true" signature="Setup()[pri:0, instance:TestCase.LoginTestCase@303cf2ba]" started-at="2024-03-27T16:49:54 IST" name="Setup" finished-at="2024-03-27T16:49:56 IST" duration-ms="1694" status="PASS">
          <reporter-output>
          </reporter-output>
        </test-method> <!-- Setup -->
        <test-method signature="LoginTestCase2()[pri:0, instance:TestCase.LoginTestCase@303cf2ba]" started-at="2024-03-27T16:49:56 IST" name="LoginTestCase2" finished-at="2024-03-27T16:49:57 IST" duration-ms="1278" status="PASS">
          <reporter-output>
          </reporter-output>
        </test-method> <!-- LoginTestCase2 -->
        <test-method is-config="true" signature="TearDown()[pri:0, instance:TestCase.LoginTestCase@303cf2ba]" started-at="2024-03-27T16:49:57 IST" name="TearDown" finished-at="2024-03-27T16:49:57 IST" duration-ms="204" status="PASS">
          <reporter-output>
          </reporter-output>
        </test-method> <!-- TearDown -->
        <test-method is-config="true" signature="Setup()[pri:0, instance:TestCase.LoginTestCase@303cf2ba]" started-at="2024-03-27T16:49:57 IST" name="Setup" finished-at="2024-03-27T16:49:58 IST" duration-ms="1082" status="PASS">
          <reporter-output>
          </reporter-output>
        </test-method> <!-- Setup -->
        <test-method signature="LoginTestCase3()[pri:0, instance:TestCase.LoginTestCase@303cf2ba]" started-at="2024-03-27T16:49:58 IST" name="LoginTestCase3" finished-at="2024-03-27T16:50:00 IST" duration-ms="1852" status="PASS">
          <reporter-output>
          </reporter-output>
        </test-method> <!-- LoginTestCase3 -->
        <test-method is-config="true" signature="TearDown()[pri:0, instance:TestCase.LoginTestCase@303cf2ba]" started-at="2024-03-27T16:50:00 IST" name="TearDown" finished-at="2024-03-27T16:50:00 IST" duration-ms="219" status="PASS">
          <reporter-output>
          </reporter-output>
        </test-method> <!-- TearDown -->
        <test-method is-config="true" signature="Setup()[pri:0, instance:TestCase.LoginTestCase@303cf2ba]" started-at="2024-03-27T16:50:00 IST" name="Setup" finished-at="2024-03-27T16:50:01 IST" duration-ms="1285" status="PASS">
          <reporter-output>
          </reporter-output>
        </test-method> <!-- Setup -->
        <test-method signature="LoginTestCase4()[pri:0, instance:TestCase.LoginTestCase@303cf2ba]" started-at="2024-03-27T16:50:01 IST" name="LoginTestCase4" finished-at="2024-03-27T16:50:03 IST" duration-ms="1283" status="PASS">
          <reporter-output>
          </reporter-output>
        </test-method> <!-- LoginTestCase4 -->
        <test-method is-config="true" signature="TearDown()[pri:0, instance:TestCase.LoginTestCase@303cf2ba]" started-at="2024-03-27T16:50:03 IST" name="TearDown" finished-at="2024-03-27T16:50:03 IST" duration-ms="185" status="PASS">
          <reporter-output>
          </reporter-output>
        </test-method> <!-- TearDown -->
        <test-method is-config="true" signature="Setup()[pri:0, instance:TestCase.LoginTestCase@303cf2ba]" started-at="2024-03-27T16:50:03 IST" name="Setup" finished-at="2024-03-27T16:50:04 IST" duration-ms="949" status="PASS">
          <reporter-output>
          </reporter-output>
        </test-method> <!-- Setup -->
        <test-method signature="LoginTestCase5()[pri:0, instance:TestCase.LoginTestCase@303cf2ba]" started-at="2024-03-27T16:50:04 IST" name="LoginTestCase5" finished-at="2024-03-27T16:50:11 IST" duration-ms="6693" status="PASS">
          <reporter-output>
          </reporter-output>
        </test-method> <!-- LoginTestCase5 -->
        <test-method is-config="true" signature="TearDown()[pri:0, instance:TestCase.LoginTestCase@303cf2ba]" started-at="2024-03-27T16:50:11 IST" name="TearDown" finished-at="2024-03-27T16:50:11 IST" duration-ms="217" status="PASS">
          <reporter-output>
          </reporter-output>
        </test-method> <!-- TearDown -->
        <test-method is-config="true" signature="Setup()[pri:0, instance:TestCase.LoginTestCase@303cf2ba]" started-at="2024-03-27T16:50:11 IST" name="Setup" finished-at="2024-03-27T16:50:12 IST" duration-ms="999" status="PASS">
          <reporter-output>
          </reporter-output>
        </test-method> <!-- Setup -->
        <test-method signature="LoginTestCase6()[pri:0, instance:TestCase.LoginTestCase@303cf2ba]" started-at="2024-03-27T16:50:12 IST" name="LoginTestCase6" finished-at="2024-03-27T16:50:13 IST" duration-ms="1692" status="PASS">
          <reporter-output>
          </reporter-output>
        </test-method> <!-- LoginTestCase6 -->
        <test-method is-config="true" signature="TearDown()[pri:0, instance:TestCase.LoginTestCase@303cf2ba]" started-at="2024-03-27T16:50:13 IST" name="TearDown" finished-at="2024-03-27T16:50:14 IST" duration-ms="221" status="PASS">
          <reporter-output>
          </reporter-output>
        </test-method> <!-- TearDown -->
        <test-method is-config="true" signature="Setup()[pri:0, instance:TestCase.LoginTestCase@303cf2ba]" started-at="2024-03-27T16:50:14 IST" name="Setup" finished-at="2024-03-27T16:50:15 IST" duration-ms="1365" status="PASS">
          <reporter-output>
          </reporter-output>
        </test-method> <!-- Setup -->
        <test-method signature="LoginTestCase7()[pri:0, instance:TestCase.LoginTestCase@303cf2ba]" started-at="2024-03-27T16:50:15 IST" name="LoginTestCase7" finished-at="2024-03-27T16:50:16 IST" duration-ms="1305" status="PASS">
          <reporter-output>
          </reporter-output>
        </test-method> <!-- LoginTestCase7 -->
        <test-method is-config="true" signature="TearDown()[pri:0, instance:TestCase.LoginTestCase@303cf2ba]" started-at="2024-03-27T16:50:16 IST" name="TearDown" finished-at="2024-03-27T16:50:17 IST" duration-ms="170" status="PASS">
          <reporter-output>
          </reporter-output>
        </test-method> <!-- TearDown -->
        <test-method is-config="true" signature="Setup()[pri:0, instance:TestCase.LoginTestCase@303cf2ba]" started-at="2024-03-27T16:50:17 IST" name="Setup" finished-at="2024-03-27T16:50:18 IST" duration-ms="1293" status="PASS">
          <reporter-output>
          </reporter-output>
        </test-method> <!-- Setup -->
        <test-method signature="LoginTestCase8()[pri:0, instance:TestCase.LoginTestCase@303cf2ba]" started-at="2024-03-27T16:50:18 IST" name="LoginTestCase8" finished-at="2024-03-27T16:50:20 IST" duration-ms="2273" status="PASS">
          <reporter-output>
          </reporter-output>
        </test-method> <!-- LoginTestCase8 -->
        <test-method is-config="true" signature="TearDown()[pri:0, instance:TestCase.LoginTestCase@303cf2ba]" started-at="2024-03-27T16:50:20 IST" name="TearDown" finished-at="2024-03-27T16:50:20 IST" duration-ms="200" status="PASS">
          <reporter-output>
          </reporter-output>
        </test-method> <!-- TearDown -->
        <test-method is-config="true" signature="Setup()[pri:0, instance:TestCase.LoginTestCase@303cf2ba]" started-at="2024-03-27T16:50:20 IST" name="Setup" finished-at="2024-03-27T16:50:21 IST" duration-ms="984" status="PASS">
          <reporter-output>
          </reporter-output>
        </test-method> <!-- Setup -->
        <test-method signature="LoginTestCase9()[pri:0, instance:TestCase.LoginTestCase@303cf2ba]" started-at="2024-03-27T16:50:21 IST" name="LoginTestCase9" finished-at="2024-03-27T16:50:24 IST" duration-ms="2632" status="PASS">
          <reporter-output>
          </reporter-output>
        </test-method> <!-- LoginTestCase9 -->
        <test-method is-config="true" signature="TearDown()[pri:0, instance:TestCase.LoginTestCase@303cf2ba]" started-at="2024-03-27T16:50:24 IST" name="TearDown" finished-at="2024-03-27T16:50:24 IST" duration-ms="188" status="PASS">
          <reporter-output>
          </reporter-output>
        </test-method> <!-- TearDown -->
      </class> <!-- TestCase.LoginTestCase -->
      <class name="TestCase.CheckOutOverviewTestCase">
        <test-method is-config="true" signature="Setup()[pri:0, instance:TestCase.CheckOutOverviewTestCase@15043a2f]" started-at="2024-03-27T16:47:46 IST" name="Setup" finished-at="2024-03-27T16:47:48 IST" duration-ms="2345" status="PASS">
          <reporter-output>
          </reporter-output>
        </test-method> <!-- Setup -->
        <test-method signature="CheckOutOverviewTestCase1()[pri:0, instance:TestCase.CheckOutOverviewTestCase@15043a2f]" started-at="2024-03-27T16:47:48 IST" name="CheckOutOverviewTestCase1" finished-at="2024-03-27T16:47:51 IST" duration-ms="3133" status="PASS">
          <reporter-output>
          </reporter-output>
        </test-method> <!-- CheckOutOverviewTestCase1 -->
        <test-method is-config="true" signature="TearDown()[pri:0, instance:TestCase.CheckOutOverviewTestCase@15043a2f]" started-at="2024-03-27T16:47:51 IST" name="TearDown" finished-at="2024-03-27T16:47:51 IST" duration-ms="295" status="PASS">
          <reporter-output>
          </reporter-output>
        </test-method> <!-- TearDown -->
        <test-method is-config="true" signature="Setup()[pri:0, instance:TestCase.CheckOutOverviewTestCase@15043a2f]" started-at="2024-03-27T16:47:51 IST" name="Setup" finished-at="2024-03-27T16:47:53 IST" duration-ms="1338" status="PASS">
          <reporter-output>
          </reporter-output>
        </test-method> <!-- Setup -->
        <test-method signature="CheckOutOverviewTestCase10()[pri:0, instance:TestCase.CheckOutOverviewTestCase@15043a2f]" started-at="2024-03-27T16:47:53 IST" name="CheckOutOverviewTestCase10" finished-at="2024-03-27T16:47:55 IST" duration-ms="2044" status="FAIL">
          <exception class="org.openqa.selenium.NoSuchElementException">
            <message>
              <![CDATA[no such element: Unable to locate element: {"method":"css selector","selector":"div.page_wrapper div:nth-child(1) div.checkout_summary_container div:nth-child(1) div.summary_info > div.summary_info_label.summary_total_label:nth-child(8)"}
  (Session info: chrome=123.0.6312.59)
For documentation on this error, please visit: https://www.selenium.dev/documentation/webdriver/troubleshooting/errors#no-such-element-exception
Build info: version: '4.10.0', revision: 'c14d967899'
System info: os.name: 'Windows 11', os.arch: 'amd64', os.version: '10.0', java.version: '17.0.9'
Driver info: org.openqa.selenium.chrome.ChromeDriver
Command: [bd2052401837d4f8db14c930d4cb4b89, findElement {using=css selector, value=div.page_wrapper div:nth-child(1) div.checkout_summary_container div:nth-child(1) div.summary_info > div.summary_info_label.summary_total_label:nth-child(8)}]
Capabilities {acceptInsecureCerts: false, browserName: chrome, browserVersion: 123.0.6312.59, chrome: {chromedriverVersion: 123.0.6312.86 (9b72c47a0536..., userDataDir: C:\Users\PRIYAN~1\AppData\L...}, fedcm:accounts: true, goog:chromeOptions: {debuggerAddress: localhost:63510}, networkConnectionEnabled: false, pageLoadStrategy: normal, platformName: windows, proxy: Proxy(), se:cdp: ws://localhost:63510/devtoo..., se:cdpVersion: 123.0.6312.59, setWindowRect: true, strictFileInteractability: false, timeouts: {implicit: 0, pageLoad: 300000, script: 30000}, unhandledPromptBehavior: dismiss and notify, webauthn:extension:credBlob: true, webauthn:extension:largeBlob: true, webauthn:extension:minPinLength: true, webauthn:extension:prf: true, webauthn:virtualAuthenticators: true}
Session ID: bd2052401837d4f8db14c930d4cb4b89]]>
            </message>
            <full-stacktrace>
              <![CDATA[org.openqa.selenium.NoSuchElementException: no such element: Unable to locate element: {"method":"css selector","selector":"div.page_wrapper div:nth-child(1) div.checkout_summary_container div:nth-child(1) div.summary_info > div.summary_info_label.summary_total_label:nth-child(8)"}
  (Session info: chrome=123.0.6312.59)
For documentation on this error, please visit: https://www.selenium.dev/documentation/webdriver/troubleshooting/errors#no-such-element-exception
Build info: version: '4.10.0', revision: 'c14d967899'
System info: os.name: 'Windows 11', os.arch: 'amd64', os.version: '10.0', java.version: '17.0.9'
Driver info: org.openqa.selenium.chrome.ChromeDriver
Command: [bd2052401837d4f8db14c930d4cb4b89, findElement {using=css selector, value=div.page_wrapper div:nth-child(1) div.checkout_summary_container div:nth-child(1) div.summary_info > div.summary_info_label.summary_total_label:nth-child(8)}]
Capabilities {acceptInsecureCerts: false, browserName: chrome, browserVersion: 123.0.6312.59, chrome: {chromedriverVersion: 123.0.6312.86 (9b72c47a0536..., userDataDir: C:\Users\PRIYAN~1\AppData\L...}, fedcm:accounts: true, goog:chromeOptions: {debuggerAddress: localhost:63510}, networkConnectionEnabled: false, pageLoadStrategy: normal, platformName: windows, proxy: Proxy(), se:cdp: ws://localhost:63510/devtoo..., se:cdpVersion: 123.0.6312.59, setWindowRect: true, strictFileInteractability: false, timeouts: {implicit: 0, pageLoad: 300000, script: 30000}, unhandledPromptBehavior: dismiss and notify, webauthn:extension:credBlob: true, webauthn:extension:largeBlob: true, webauthn:extension:minPinLength: true, webauthn:extension:prf: true, webauthn:virtualAuthenticators: true}
Session ID: bd2052401837d4f8db14c930d4cb4b89
at java.base/jdk.internal.reflect.NativeConstructorAccessorImpl.newInstance0(Native Method)
at java.base/jdk.internal.reflect.NativeConstructorAccessorImpl.newInstance(NativeConstructorAccessorImpl.java:77)
at java.base/jdk.internal.reflect.DelegatingConstructorAccessorImpl.newInstance(DelegatingConstructorAccessorImpl.java:45)
at java.base/java.lang.reflect.Constructor.newInstanceWithCaller(Constructor.java:499)
at java.base/java.lang.reflect.Constructor.newInstance(Constructor.java:480)
at org.openqa.selenium.remote.codec.w3c.W3CHttpResponseCodec.createException(W3CHttpResponseCodec.java:199)
at org.openqa.selenium.remote.codec.w3c.W3CHttpResponseCodec.decode(W3CHttpResponseCodec.java:132)
at org.openqa.selenium.remote.codec.w3c.W3CHttpResponseCodec.decode(W3CHttpResponseCodec.java:51)
at org.openqa.selenium.remote.HttpCommandExecutor.execute(HttpCommandExecutor.java:191)
at org.openqa.selenium.remote.service.DriverCommandExecutor.invokeExecute(DriverCommandExecutor.java:196)
at org.openqa.selenium.remote.service.DriverCommandExecutor.execute(DriverCommandExecutor.java:171)
at org.openqa.selenium.remote.RemoteWebDriver.execute(RemoteWebDriver.java:531)
at org.openqa.selenium.remote.ElementLocation$ElementFinder$2.findElement(ElementLocation.java:165)
at org.openqa.selenium.remote.ElementLocation.findElement(ElementLocation.java:59)
at org.openqa.selenium.remote.RemoteWebDriver.findElement(RemoteWebDriver.java:350)
at org.openqa.selenium.remote.RemoteWebDriver.findElement(RemoteWebDriver.java:344)
at TestCase.CheckOutOverviewTestCase.CheckOutOverviewTestCase10(CheckOutOverviewTestCase.java:368)
at java.base/jdk.internal.reflect.NativeMethodAccessorImpl.invoke0(Native Method)
at java.base/jdk.internal.reflect.NativeMethodAccessorImpl.invoke(NativeMethodAccessorImpl.java:77)
at java.base/jdk.internal.reflect.DelegatingMethodAccessorImpl.invoke(DelegatingMethodAccessorImpl.java:43)
at java.base/java.lang.reflect.Method.invoke(Method.java:568)
at org.testng.internal.invokers.MethodInvocationHelper.invokeMethod(MethodInvocationHelper.java:139)
at org.testng.internal.invokers.TestInvoker.invokeMethod(TestInvoker.java:664)
at org.testng.internal.invokers.TestInvoker.invokeTestMethod(TestInvoker.java:228)
at org.testng.internal.invokers.MethodRunner.runInSequence(MethodRunner.java:63)
at org.testng.internal.invokers.TestInvoker$MethodInvocationAgent.invoke(TestInvoker.java:961)
at org.testng.internal.invokers.TestInvoker.invokeTestMethods(TestInvoker.java:201)
at org.testng.internal.invokers.TestMethodWorker.invokeTestMethods(TestMethodWorker.java:148)
at org.testng.internal.invokers.TestMethodWorker.run(TestMethodWorker.java:128)
at java.base/java.util.ArrayList.forEach(ArrayList.java:1511)
at org.testng.TestRunner.privateRun(TestRunner.java:819)
at org.testng.TestRunner.run(TestRunner.java:619)
at org.testng.SuiteRunner.runTest(SuiteRunner.java:443)
at org.testng.SuiteRunner.runSequentially(SuiteRunner.java:437)
at org.testng.SuiteRunner.privateRun(SuiteRunner.java:397)
at org.testng.SuiteRunner.run(SuiteRunner.java:336)
at org.testng.SuiteRunnerWorker.runSuite(SuiteRunnerWorker.java:52)
at org.testng.SuiteRunnerWorker.run(SuiteRunnerWorker.java:95)
at org.testng.TestNG.runSuitesSequentially(TestNG.java:1301)
at org.testng.TestNG.runSuitesLocally(TestNG.java:1228)
at org.testng.TestNG.runSuites(TestNG.java:1134)
at org.testng.TestNG.run(TestNG.java:1101)
at org.testng.remote.AbstractRemoteTestNG.run(AbstractRemoteTestNG.java:115)
at org.testng.remote.RemoteTestNG.initAndRun(RemoteTestNG.java:251)
at org.testng.remote.RemoteTestNG.main(RemoteTestNG.java:77)
]]>
            </full-stacktrace>
          </exception> <!-- org.openqa.selenium.NoSuchElementException -->
          <reporter-output>
          </reporter-output>
        </test-method> <!-- CheckOutOverviewTestCase10 -->
        <test-method is-config="true" signature="TearDown()[pri:0, instance:TestCase.CheckOutOverviewTestCase@15043a2f]" started-at="2024-03-27T16:47:55 IST" name="TearDown" finished-at="2024-03-27T16:47:55 IST" duration-ms="262" status="PASS">
          <reporter-output>
          </reporter-output>
        </test-method> <!-- TearDown -->
        <test-method is-config="true" signature="Setup()[pri:0, instance:TestCase.CheckOutOverviewTestCase@15043a2f]" started-at="2024-03-27T16:47:55 IST" name="Setup" finished-at="2024-03-27T16:47:56 IST" duration-ms="1370" status="PASS">
          <reporter-output>
          </reporter-output>
        </test-method> <!-- Setup -->
        <test-method signature="CheckOutOverviewTestCase11()[pri:0, instance:TestCase.CheckOutOverviewTestCase@15043a2f]" started-at="2024-03-27T16:47:56 IST" name="CheckOutOverviewTestCase11" finished-at="2024-03-27T16:47:59 IST" duration-ms="3080" status="PASS">
          <reporter-output>
          </reporter-output>
        </test-method> <!-- CheckOutOverviewTestCase11 -->
        <test-method is-config="true" signature="TearDown()[pri:0, instance:TestCase.CheckOutOverviewTestCase@15043a2f]" started-at="2024-03-27T16:47:59 IST" name="TearDown" finished-at="2024-03-27T16:48:00 IST" duration-ms="299" status="PASS">
          <reporter-output>
          </reporter-output>
        </test-method> <!-- TearDown -->
        <test-method is-config="true" signature="Setup()[pri:0, instance:TestCase.CheckOutOverviewTestCase@15043a2f]" started-at="2024-03-27T16:48:00 IST" name="Setup" finished-at="2024-03-27T16:48:01 IST" duration-ms="1008" status="PASS">
          <reporter-output>
          </reporter-output>
        </test-method> <!-- Setup -->
        <test-method signature="CheckOutOverviewTestCase2()[pri:0, instance:TestCase.CheckOutOverviewTestCase@15043a2f]" started-at="2024-03-27T16:48:01 IST" name="CheckOutOverviewTestCase2" finished-at="2024-03-27T16:48:03 IST" duration-ms="2501" status="FAIL">
          <exception class="org.openqa.selenium.NoSuchElementException">
            <message>
              <![CDATA[no such element: Unable to locate element: {"method":"css selector","selector":"div.page_wrapper div.checkout_summary_container div.cart_list div.cart_item:nth-child(4) div.cart_item_label div.item_pricebar:nth-child(3) > div.inventory_item_price"}
  (Session info: chrome=123.0.6312.59)
For documentation on this error, please visit: https://www.selenium.dev/documentation/webdriver/troubleshooting/errors#no-such-element-exception
Build info: version: '4.10.0', revision: 'c14d967899'
System info: os.name: 'Windows 11', os.arch: 'amd64', os.version: '10.0', java.version: '17.0.9'
Driver info: org.openqa.selenium.chrome.ChromeDriver
Command: [665e63252a1f5365212cc6ec8f8c7c87, findElement {using=css selector, value=div.page_wrapper div.checkout_summary_container div.cart_list div.cart_item:nth-child(4) div.cart_item_label div.item_pricebar:nth-child(3) > div.inventory_item_price}]
Capabilities {acceptInsecureCerts: false, browserName: chrome, browserVersion: 123.0.6312.59, chrome: {chromedriverVersion: 123.0.6312.86 (9b72c47a0536..., userDataDir: C:\Users\PRIYAN~1\AppData\L...}, fedcm:accounts: true, goog:chromeOptions: {debuggerAddress: localhost:63562}, networkConnectionEnabled: false, pageLoadStrategy: normal, platformName: windows, proxy: Proxy(), se:cdp: ws://localhost:63562/devtoo..., se:cdpVersion: 123.0.6312.59, setWindowRect: true, strictFileInteractability: false, timeouts: {implicit: 0, pageLoad: 300000, script: 30000}, unhandledPromptBehavior: dismiss and notify, webauthn:extension:credBlob: true, webauthn:extension:largeBlob: true, webauthn:extension:minPinLength: true, webauthn:extension:prf: true, webauthn:virtualAuthenticators: true}
Session ID: 665e63252a1f5365212cc6ec8f8c7c87]]>
            </message>
            <full-stacktrace>
              <![CDATA[org.openqa.selenium.NoSuchElementException: no such element: Unable to locate element: {"method":"css selector","selector":"div.page_wrapper div.checkout_summary_container div.cart_list div.cart_item:nth-child(4) div.cart_item_label div.item_pricebar:nth-child(3) > div.inventory_item_price"}
  (Session info: chrome=123.0.6312.59)
For documentation on this error, please visit: https://www.selenium.dev/documentation/webdriver/troubleshooting/errors#no-such-element-exception
Build info: version: '4.10.0', revision: 'c14d967899'
System info: os.name: 'Windows 11', os.arch: 'amd64', os.version: '10.0', java.version: '17.0.9'
Driver info: org.openqa.selenium.chrome.ChromeDriver
Command: [665e63252a1f5365212cc6ec8f8c7c87, findElement {using=css selector, value=div.page_wrapper div.checkout_summary_container div.cart_list div.cart_item:nth-child(4) div.cart_item_label div.item_pricebar:nth-child(3) > div.inventory_item_price}]
Capabilities {acceptInsecureCerts: false, browserName: chrome, browserVersion: 123.0.6312.59, chrome: {chromedriverVersion: 123.0.6312.86 (9b72c47a0536..., userDataDir: C:\Users\PRIYAN~1\AppData\L...}, fedcm:accounts: true, goog:chromeOptions: {debuggerAddress: localhost:63562}, networkConnectionEnabled: false, pageLoadStrategy: normal, platformName: windows, proxy: Proxy(), se:cdp: ws://localhost:63562/devtoo..., se:cdpVersion: 123.0.6312.59, setWindowRect: true, strictFileInteractability: false, timeouts: {implicit: 0, pageLoad: 300000, script: 30000}, unhandledPromptBehavior: dismiss and notify, webauthn:extension:credBlob: true, webauthn:extension:largeBlob: true, webauthn:extension:minPinLength: true, webauthn:extension:prf: true, webauthn:virtualAuthenticators: true}
Session ID: 665e63252a1f5365212cc6ec8f8c7c87
at java.base/jdk.internal.reflect.NativeConstructorAccessorImpl.newInstance0(Native Method)
at java.base/jdk.internal.reflect.NativeConstructorAccessorImpl.newInstance(NativeConstructorAccessorImpl.java:77)
at java.base/jdk.internal.reflect.DelegatingConstructorAccessorImpl.newInstance(DelegatingConstructorAccessorImpl.java:45)
at java.base/java.lang.reflect.Constructor.newInstanceWithCaller(Constructor.java:499)
at java.base/java.lang.reflect.Constructor.newInstance(Constructor.java:480)
at org.openqa.selenium.remote.codec.w3c.W3CHttpResponseCodec.createException(W3CHttpResponseCodec.java:199)
at org.openqa.selenium.remote.codec.w3c.W3CHttpResponseCodec.decode(W3CHttpResponseCodec.java:132)
at org.openqa.selenium.remote.codec.w3c.W3CHttpResponseCodec.decode(W3CHttpResponseCodec.java:51)
at org.openqa.selenium.remote.HttpCommandExecutor.execute(HttpCommandExecutor.java:191)
at org.openqa.selenium.remote.service.DriverCommandExecutor.invokeExecute(DriverCommandExecutor.java:196)
at org.openqa.selenium.remote.service.DriverCommandExecutor.execute(DriverCommandExecutor.java:171)
at org.openqa.selenium.remote.RemoteWebDriver.execute(RemoteWebDriver.java:531)
at org.openqa.selenium.remote.ElementLocation$ElementFinder$2.findElement(ElementLocation.java:165)
at org.openqa.selenium.remote.ElementLocation.findElement(ElementLocation.java:59)
at org.openqa.selenium.remote.RemoteWebDriver.findElement(RemoteWebDriver.java:350)
at org.openqa.selenium.remote.RemoteWebDriver.findElement(RemoteWebDriver.java:344)
at TestCase.CheckOutOverviewTestCase.CheckOutOverviewTestCase2(CheckOutOverviewTestCase.java:91)
at java.base/jdk.internal.reflect.NativeMethodAccessorImpl.invoke0(Native Method)
at java.base/jdk.internal.reflect.NativeMethodAccessorImpl.invoke(NativeMethodAccessorImpl.java:77)
at java.base/jdk.internal.reflect.DelegatingMethodAccessorImpl.invoke(DelegatingMethodAccessorImpl.java:43)
at java.base/java.lang.reflect.Method.invoke(Method.java:568)
at org.testng.internal.invokers.MethodInvocationHelper.invokeMethod(MethodInvocationHelper.java:139)
at org.testng.internal.invokers.TestInvoker.invokeMethod(TestInvoker.java:664)
at org.testng.internal.invokers.TestInvoker.invokeTestMethod(TestInvoker.java:228)
at org.testng.internal.invokers.MethodRunner.runInSequence(MethodRunner.java:63)
at org.testng.internal.invokers.TestInvoker$MethodInvocationAgent.invoke(TestInvoker.java:961)
at org.testng.internal.invokers.TestInvoker.invokeTestMethods(TestInvoker.java:201)
at org.testng.internal.invokers.TestMethodWorker.invokeTestMethods(TestMethodWorker.java:148)
at org.testng.internal.invokers.TestMethodWorker.run(TestMethodWorker.java:128)
at java.base/java.util.ArrayList.forEach(ArrayList.java:1511)
at org.testng.TestRunner.privateRun(TestRunner.java:819)
at org.testng.TestRunner.run(TestRunner.java:619)
at org.testng.SuiteRunner.runTest(SuiteRunner.java:443)
at org.testng.SuiteRunner.runSequentially(SuiteRunner.java:437)
at org.testng.SuiteRunner.privateRun(SuiteRunner.java:397)
at org.testng.SuiteRunner.run(SuiteRunner.java:336)
at org.testng.SuiteRunnerWorker.runSuite(SuiteRunnerWorker.java:52)
at org.testng.SuiteRunnerWorker.run(SuiteRunnerWorker.java:95)
at org.testng.TestNG.runSuitesSequentially(TestNG.java:1301)
at org.testng.TestNG.runSuitesLocally(TestNG.java:1228)
at org.testng.TestNG.runSuites(TestNG.java:1134)
at org.testng.TestNG.run(TestNG.java:1101)
at org.testng.remote.AbstractRemoteTestNG.run(AbstractRemoteTestNG.java:115)
at org.testng.remote.RemoteTestNG.initAndRun(RemoteTestNG.java:251)
at org.testng.remote.RemoteTestNG.main(RemoteTestNG.java:77)
]]>
            </full-stacktrace>
          </exception> <!-- org.openqa.selenium.NoSuchElementException -->
          <reporter-output>
          </reporter-output>
        </test-method> <!-- CheckOutOverviewTestCase2 -->
        <test-method is-config="true" signature="TearDown()[pri:0, instance:TestCase.CheckOutOverviewTestCase@15043a2f]" started-at="2024-03-27T16:48:03 IST" name="TearDown" finished-at="2024-03-27T16:48:04 IST" duration-ms="264" status="PASS">
          <reporter-output>
          </reporter-output>
        </test-method> <!-- TearDown -->
        <test-method is-config="true" signature="Setup()[pri:0, instance:TestCase.CheckOutOverviewTestCase@15043a2f]" started-at="2024-03-27T16:48:04 IST" name="Setup" finished-at="2024-03-27T16:48:05 IST" duration-ms="1257" status="PASS">
          <reporter-output>
          </reporter-output>
        </test-method> <!-- Setup -->
        <test-method signature="CheckOutOverviewTestCase3()[pri:0, instance:TestCase.CheckOutOverviewTestCase@15043a2f]" started-at="2024-03-27T16:48:05 IST" name="CheckOutOverviewTestCase3" finished-at="2024-03-27T16:48:07 IST" duration-ms="2035" status="FAIL">
          <exception class="org.openqa.selenium.NoSuchElementException">
            <message>
              <![CDATA[no such element: Unable to locate element: {"method":"css selector","selector":"div.page_wrapper div.checkout_summary_container div.cart_list div.cart_item:nth-child(5) div.cart_item_label div.item_pricebar:nth-child(3) > div.inventory_item_price"}
  (Session info: chrome=123.0.6312.59)
For documentation on this error, please visit: https://www.selenium.dev/documentation/webdriver/troubleshooting/errors#no-such-element-exception
Build info: version: '4.10.0', revision: 'c14d967899'
System info: os.name: 'Windows 11', os.arch: 'amd64', os.version: '10.0', java.version: '17.0.9'
Driver info: org.openqa.selenium.chrome.ChromeDriver
Command: [5f1737653693b3bffedcf51ac93fb4bb, findElement {using=css selector, value=div.page_wrapper div.checkout_summary_container div.cart_list div.cart_item:nth-child(5) div.cart_item_label div.item_pricebar:nth-child(3) > div.inventory_item_price}]
Capabilities {acceptInsecureCerts: false, browserName: chrome, browserVersion: 123.0.6312.59, chrome: {chromedriverVersion: 123.0.6312.86 (9b72c47a0536..., userDataDir: C:\Users\PRIYAN~1\AppData\L...}, fedcm:accounts: true, goog:chromeOptions: {debuggerAddress: localhost:63585}, networkConnectionEnabled: false, pageLoadStrategy: normal, platformName: windows, proxy: Proxy(), se:cdp: ws://localhost:63585/devtoo..., se:cdpVersion: 123.0.6312.59, setWindowRect: true, strictFileInteractability: false, timeouts: {implicit: 0, pageLoad: 300000, script: 30000}, unhandledPromptBehavior: dismiss and notify, webauthn:extension:credBlob: true, webauthn:extension:largeBlob: true, webauthn:extension:minPinLength: true, webauthn:extension:prf: true, webauthn:virtualAuthenticators: true}
Session ID: 5f1737653693b3bffedcf51ac93fb4bb]]>
            </message>
            <full-stacktrace>
              <![CDATA[org.openqa.selenium.NoSuchElementException: no such element: Unable to locate element: {"method":"css selector","selector":"div.page_wrapper div.checkout_summary_container div.cart_list div.cart_item:nth-child(5) div.cart_item_label div.item_pricebar:nth-child(3) > div.inventory_item_price"}
  (Session info: chrome=123.0.6312.59)
For documentation on this error, please visit: https://www.selenium.dev/documentation/webdriver/troubleshooting/errors#no-such-element-exception
Build info: version: '4.10.0', revision: 'c14d967899'
System info: os.name: 'Windows 11', os.arch: 'amd64', os.version: '10.0', java.version: '17.0.9'
Driver info: org.openqa.selenium.chrome.ChromeDriver
Command: [5f1737653693b3bffedcf51ac93fb4bb, findElement {using=css selector, value=div.page_wrapper div.checkout_summary_container div.cart_list div.cart_item:nth-child(5) div.cart_item_label div.item_pricebar:nth-child(3) > div.inventory_item_price}]
Capabilities {acceptInsecureCerts: false, browserName: chrome, browserVersion: 123.0.6312.59, chrome: {chromedriverVersion: 123.0.6312.86 (9b72c47a0536..., userDataDir: C:\Users\PRIYAN~1\AppData\L...}, fedcm:accounts: true, goog:chromeOptions: {debuggerAddress: localhost:63585}, networkConnectionEnabled: false, pageLoadStrategy: normal, platformName: windows, proxy: Proxy(), se:cdp: ws://localhost:63585/devtoo..., se:cdpVersion: 123.0.6312.59, setWindowRect: true, strictFileInteractability: false, timeouts: {implicit: 0, pageLoad: 300000, script: 30000}, unhandledPromptBehavior: dismiss and notify, webauthn:extension:credBlob: true, webauthn:extension:largeBlob: true, webauthn:extension:minPinLength: true, webauthn:extension:prf: true, webauthn:virtualAuthenticators: true}
Session ID: 5f1737653693b3bffedcf51ac93fb4bb
at java.base/jdk.internal.reflect.NativeConstructorAccessorImpl.newInstance0(Native Method)
at java.base/jdk.internal.reflect.NativeConstructorAccessorImpl.newInstance(NativeConstructorAccessorImpl.java:77)
at java.base/jdk.internal.reflect.DelegatingConstructorAccessorImpl.newInstance(DelegatingConstructorAccessorImpl.java:45)
at java.base/java.lang.reflect.Constructor.newInstanceWithCaller(Constructor.java:499)
at java.base/java.lang.reflect.Constructor.newInstance(Constructor.java:480)
at org.openqa.selenium.remote.codec.w3c.W3CHttpResponseCodec.createException(W3CHttpResponseCodec.java:199)
at org.openqa.selenium.remote.codec.w3c.W3CHttpResponseCodec.decode(W3CHttpResponseCodec.java:132)
at org.openqa.selenium.remote.codec.w3c.W3CHttpResponseCodec.decode(W3CHttpResponseCodec.java:51)
at org.openqa.selenium.remote.HttpCommandExecutor.execute(HttpCommandExecutor.java:191)
at org.openqa.selenium.remote.service.DriverCommandExecutor.invokeExecute(DriverCommandExecutor.java:196)
at org.openqa.selenium.remote.service.DriverCommandExecutor.execute(DriverCommandExecutor.java:171)
at org.openqa.selenium.remote.RemoteWebDriver.execute(RemoteWebDriver.java:531)
at org.openqa.selenium.remote.ElementLocation$ElementFinder$2.findElement(ElementLocation.java:165)
at org.openqa.selenium.remote.ElementLocation.findElement(ElementLocation.java:59)
at org.openqa.selenium.remote.RemoteWebDriver.findElement(RemoteWebDriver.java:350)
at org.openqa.selenium.remote.RemoteWebDriver.findElement(RemoteWebDriver.java:344)
at TestCase.CheckOutOverviewTestCase.CheckOutOverviewTestCase3(CheckOutOverviewTestCase.java:125)
at java.base/jdk.internal.reflect.NativeMethodAccessorImpl.invoke0(Native Method)
at java.base/jdk.internal.reflect.NativeMethodAccessorImpl.invoke(NativeMethodAccessorImpl.java:77)
at java.base/jdk.internal.reflect.DelegatingMethodAccessorImpl.invoke(DelegatingMethodAccessorImpl.java:43)
at java.base/java.lang.reflect.Method.invoke(Method.java:568)
at org.testng.internal.invokers.MethodInvocationHelper.invokeMethod(MethodInvocationHelper.java:139)
at org.testng.internal.invokers.TestInvoker.invokeMethod(TestInvoker.java:664)
at org.testng.internal.invokers.TestInvoker.invokeTestMethod(TestInvoker.java:228)
at org.testng.internal.invokers.MethodRunner.runInSequence(MethodRunner.java:63)
at org.testng.internal.invokers.TestInvoker$MethodInvocationAgent.invoke(TestInvoker.java:961)
at org.testng.internal.invokers.TestInvoker.invokeTestMethods(TestInvoker.java:201)
at org.testng.internal.invokers.TestMethodWorker.invokeTestMethods(TestMethodWorker.java:148)
at org.testng.internal.invokers.TestMethodWorker.run(TestMethodWorker.java:128)
at java.base/java.util.ArrayList.forEach(ArrayList.java:1511)
at org.testng.TestRunner.privateRun(TestRunner.java:819)
at org.testng.TestRunner.run(TestRunner.java:619)
at org.testng.SuiteRunner.runTest(SuiteRunner.java:443)
at org.testng.SuiteRunner.runSequentially(SuiteRunner.java:437)
at org.testng.SuiteRunner.privateRun(SuiteRunner.java:397)
at org.testng.SuiteRunner.run(SuiteRunner.java:336)
at org.testng.SuiteRunnerWorker.runSuite(SuiteRunnerWorker.java:52)
at org.testng.SuiteRunnerWorker.run(SuiteRunnerWorker.java:95)
at org.testng.TestNG.runSuitesSequentially(TestNG.java:1301)
at org.testng.TestNG.runSuitesLocally(TestNG.java:1228)
at org.testng.TestNG.runSuites(TestNG.java:1134)
at org.testng.TestNG.run(TestNG.java:1101)
at org.testng.remote.AbstractRemoteTestNG.run(AbstractRemoteTestNG.java:115)
at org.testng.remote.RemoteTestNG.initAndRun(RemoteTestNG.java:251)
at org.testng.remote.RemoteTestNG.main(RemoteTestNG.java:77)
]]>
            </full-stacktrace>
          </exception> <!-- org.openqa.selenium.NoSuchElementException -->
          <reporter-output>
          </reporter-output>
        </test-method> <!-- CheckOutOverviewTestCase3 -->
        <test-method is-config="true" signature="TearDown()[pri:0, instance:TestCase.CheckOutOverviewTestCase@15043a2f]" started-at="2024-03-27T16:48:07 IST" name="TearDown" finished-at="2024-03-27T16:48:07 IST" duration-ms="244" status="PASS">
          <reporter-output>
          </reporter-output>
        </test-method> <!-- TearDown -->
        <test-method is-config="true" signature="Setup()[pri:0, instance:TestCase.CheckOutOverviewTestCase@15043a2f]" started-at="2024-03-27T16:48:07 IST" name="Setup" finished-at="2024-03-27T16:48:08 IST" duration-ms="1231" status="PASS">
          <reporter-output>
          </reporter-output>
        </test-method> <!-- Setup -->
        <test-method signature="CheckOutOverviewTestCase4()[pri:0, instance:TestCase.CheckOutOverviewTestCase@15043a2f]" started-at="2024-03-27T16:48:08 IST" name="CheckOutOverviewTestCase4" finished-at="2024-03-27T16:48:10 IST" duration-ms="1997" status="FAIL">
          <exception class="org.openqa.selenium.NoSuchElementException">
            <message>
              <![CDATA[no such element: Unable to locate element: {"method":"css selector","selector":"div.page_wrapper div.checkout_summary_container div.cart_list div.cart_item:nth-child(6) div.cart_item_label div.item_pricebar:nth-child(3) > div.inventory_item_price"}
  (Session info: chrome=123.0.6312.59)
For documentation on this error, please visit: https://www.selenium.dev/documentation/webdriver/troubleshooting/errors#no-such-element-exception
Build info: version: '4.10.0', revision: 'c14d967899'
System info: os.name: 'Windows 11', os.arch: 'amd64', os.version: '10.0', java.version: '17.0.9'
Driver info: org.openqa.selenium.chrome.ChromeDriver
Command: [5456af6130ed49678af7df8e7da2fa1a, findElement {using=css selector, value=div.page_wrapper div.checkout_summary_container div.cart_list div.cart_item:nth-child(6) div.cart_item_label div.item_pricebar:nth-child(3) > div.inventory_item_price}]
Capabilities {acceptInsecureCerts: false, browserName: chrome, browserVersion: 123.0.6312.59, chrome: {chromedriverVersion: 123.0.6312.86 (9b72c47a0536..., userDataDir: C:\Users\PRIYAN~1\AppData\L...}, fedcm:accounts: true, goog:chromeOptions: {debuggerAddress: localhost:63611}, networkConnectionEnabled: false, pageLoadStrategy: normal, platformName: windows, proxy: Proxy(), se:cdp: ws://localhost:63611/devtoo..., se:cdpVersion: 123.0.6312.59, setWindowRect: true, strictFileInteractability: false, timeouts: {implicit: 0, pageLoad: 300000, script: 30000}, unhandledPromptBehavior: dismiss and notify, webauthn:extension:credBlob: true, webauthn:extension:largeBlob: true, webauthn:extension:minPinLength: true, webauthn:extension:prf: true, webauthn:virtualAuthenticators: true}
Session ID: 5456af6130ed49678af7df8e7da2fa1a]]>
            </message>
            <full-stacktrace>
              <![CDATA[org.openqa.selenium.NoSuchElementException: no such element: Unable to locate element: {"method":"css selector","selector":"div.page_wrapper div.checkout_summary_container div.cart_list div.cart_item:nth-child(6) div.cart_item_label div.item_pricebar:nth-child(3) > div.inventory_item_price"}
  (Session info: chrome=123.0.6312.59)
For documentation on this error, please visit: https://www.selenium.dev/documentation/webdriver/troubleshooting/errors#no-such-element-exception
Build info: version: '4.10.0', revision: 'c14d967899'
System info: os.name: 'Windows 11', os.arch: 'amd64', os.version: '10.0', java.version: '17.0.9'
Driver info: org.openqa.selenium.chrome.ChromeDriver
Command: [5456af6130ed49678af7df8e7da2fa1a, findElement {using=css selector, value=div.page_wrapper div.checkout_summary_container div.cart_list div.cart_item:nth-child(6) div.cart_item_label div.item_pricebar:nth-child(3) > div.inventory_item_price}]
Capabilities {acceptInsecureCerts: false, browserName: chrome, browserVersion: 123.0.6312.59, chrome: {chromedriverVersion: 123.0.6312.86 (9b72c47a0536..., userDataDir: C:\Users\PRIYAN~1\AppData\L...}, fedcm:accounts: true, goog:chromeOptions: {debuggerAddress: localhost:63611}, networkConnectionEnabled: false, pageLoadStrategy: normal, platformName: windows, proxy: Proxy(), se:cdp: ws://localhost:63611/devtoo..., se:cdpVersion: 123.0.6312.59, setWindowRect: true, strictFileInteractability: false, timeouts: {implicit: 0, pageLoad: 300000, script: 30000}, unhandledPromptBehavior: dismiss and notify, webauthn:extension:credBlob: true, webauthn:extension:largeBlob: true, webauthn:extension:minPinLength: true, webauthn:extension:prf: true, webauthn:virtualAuthenticators: true}
Session ID: 5456af6130ed49678af7df8e7da2fa1a
at java.base/jdk.internal.reflect.NativeConstructorAccessorImpl.newInstance0(Native Method)
at java.base/jdk.internal.reflect.NativeConstructorAccessorImpl.newInstance(NativeConstructorAccessorImpl.java:77)
at java.base/jdk.internal.reflect.DelegatingConstructorAccessorImpl.newInstance(DelegatingConstructorAccessorImpl.java:45)
at java.base/java.lang.reflect.Constructor.newInstanceWithCaller(Constructor.java:499)
at java.base/java.lang.reflect.Constructor.newInstance(Constructor.java:480)
at org.openqa.selenium.remote.codec.w3c.W3CHttpResponseCodec.createException(W3CHttpResponseCodec.java:199)
at org.openqa.selenium.remote.codec.w3c.W3CHttpResponseCodec.decode(W3CHttpResponseCodec.java:132)
at org.openqa.selenium.remote.codec.w3c.W3CHttpResponseCodec.decode(W3CHttpResponseCodec.java:51)
at org.openqa.selenium.remote.HttpCommandExecutor.execute(HttpCommandExecutor.java:191)
at org.openqa.selenium.remote.service.DriverCommandExecutor.invokeExecute(DriverCommandExecutor.java:196)
at org.openqa.selenium.remote.service.DriverCommandExecutor.execute(DriverCommandExecutor.java:171)
at org.openqa.selenium.remote.RemoteWebDriver.execute(RemoteWebDriver.java:531)
at org.openqa.selenium.remote.ElementLocation$ElementFinder$2.findElement(ElementLocation.java:165)
at org.openqa.selenium.remote.ElementLocation.findElement(ElementLocation.java:59)
at org.openqa.selenium.remote.RemoteWebDriver.findElement(RemoteWebDriver.java:350)
at org.openqa.selenium.remote.RemoteWebDriver.findElement(RemoteWebDriver.java:344)
at TestCase.CheckOutOverviewTestCase.CheckOutOverviewTestCase4(CheckOutOverviewTestCase.java:159)
at java.base/jdk.internal.reflect.NativeMethodAccessorImpl.invoke0(Native Method)
at java.base/jdk.internal.reflect.NativeMethodAccessorImpl.invoke(NativeMethodAccessorImpl.java:77)
at java.base/jdk.internal.reflect.DelegatingMethodAccessorImpl.invoke(DelegatingMethodAccessorImpl.java:43)
at java.base/java.lang.reflect.Method.invoke(Method.java:568)
at org.testng.internal.invokers.MethodInvocationHelper.invokeMethod(MethodInvocationHelper.java:139)
at org.testng.internal.invokers.TestInvoker.invokeMethod(TestInvoker.java:664)
at org.testng.internal.invokers.TestInvoker.invokeTestMethod(TestInvoker.java:228)
at org.testng.internal.invokers.MethodRunner.runInSequence(MethodRunner.java:63)
at org.testng.internal.invokers.TestInvoker$MethodInvocationAgent.invoke(TestInvoker.java:961)
at org.testng.internal.invokers.TestInvoker.invokeTestMethods(TestInvoker.java:201)
at org.testng.internal.invokers.TestMethodWorker.invokeTestMethods(TestMethodWorker.java:148)
at org.testng.internal.invokers.TestMethodWorker.run(TestMethodWorker.java:128)
at java.base/java.util.ArrayList.forEach(ArrayList.java:1511)
at org.testng.TestRunner.privateRun(TestRunner.java:819)
at org.testng.TestRunner.run(TestRunner.java:619)
at org.testng.SuiteRunner.runTest(SuiteRunner.java:443)
at org.testng.SuiteRunner.runSequentially(SuiteRunner.java:437)
at org.testng.SuiteRunner.privateRun(SuiteRunner.java:397)
at org.testng.SuiteRunner.run(SuiteRunner.java:336)
at org.testng.SuiteRunnerWorker.runSuite(SuiteRunnerWorker.java:52)
at org.testng.SuiteRunnerWorker.run(SuiteRunnerWorker.java:95)
at org.testng.TestNG.runSuitesSequentially(TestNG.java:1301)
at org.testng.TestNG.runSuitesLocally(TestNG.java:1228)
at org.testng.TestNG.runSuites(TestNG.java:1134)
at org.testng.TestNG.run(TestNG.java:1101)
at org.testng.remote.AbstractRemoteTestNG.run(AbstractRemoteTestNG.java:115)
at org.testng.remote.RemoteTestNG.initAndRun(RemoteTestNG.java:251)
at org.testng.remote.RemoteTestNG.main(RemoteTestNG.java:77)
]]>
            </full-stacktrace>
          </exception> <!-- org.openqa.selenium.NoSuchElementException -->
          <reporter-output>
          </reporter-output>
        </test-method> <!-- CheckOutOverviewTestCase4 -->
        <test-method is-config="true" signature="TearDown()[pri:0, instance:TestCase.CheckOutOverviewTestCase@15043a2f]" started-at="2024-03-27T16:48:10 IST" name="TearDown" finished-at="2024-03-27T16:48:11 IST" duration-ms="256" status="PASS">
          <reporter-output>
          </reporter-output>
        </test-method> <!-- TearDown -->
        <test-method is-config="true" signature="Setup()[pri:0, instance:TestCase.CheckOutOverviewTestCase@15043a2f]" started-at="2024-03-27T16:48:11 IST" name="Setup" finished-at="2024-03-27T16:48:12 IST" duration-ms="1365" status="PASS">
          <reporter-output>
          </reporter-output>
        </test-method> <!-- Setup -->
        <test-method signature="CheckOutOverviewTestCase5()[pri:0, instance:TestCase.CheckOutOverviewTestCase@15043a2f]" started-at="2024-03-27T16:48:12 IST" name="CheckOutOverviewTestCase5" finished-at="2024-03-27T16:48:14 IST" duration-ms="2037" status="FAIL">
          <exception class="org.openqa.selenium.NoSuchElementException">
            <message>
              <![CDATA[no such element: Unable to locate element: {"method":"css selector","selector":"div.page_wrapper div.checkout_summary_container div.cart_list div.cart_item:nth-child(7) div.cart_item_label div.item_pricebar:nth-child(3) > div.inventory_item_price"}
  (Session info: chrome=123.0.6312.59)
For documentation on this error, please visit: https://www.selenium.dev/documentation/webdriver/troubleshooting/errors#no-such-element-exception
Build info: version: '4.10.0', revision: 'c14d967899'
System info: os.name: 'Windows 11', os.arch: 'amd64', os.version: '10.0', java.version: '17.0.9'
Driver info: org.openqa.selenium.chrome.ChromeDriver
Command: [34e6e1991765be70e1e02d4300c43d43, findElement {using=css selector, value=div.page_wrapper div.checkout_summary_container div.cart_list div.cart_item:nth-child(7) div.cart_item_label div.item_pricebar:nth-child(3) > div.inventory_item_price}]
Capabilities {acceptInsecureCerts: false, browserName: chrome, browserVersion: 123.0.6312.59, chrome: {chromedriverVersion: 123.0.6312.86 (9b72c47a0536..., userDataDir: C:\Users\PRIYAN~1\AppData\L...}, fedcm:accounts: true, goog:chromeOptions: {debuggerAddress: localhost:63636}, networkConnectionEnabled: false, pageLoadStrategy: normal, platformName: windows, proxy: Proxy(), se:cdp: ws://localhost:63636/devtoo..., se:cdpVersion: 123.0.6312.59, setWindowRect: true, strictFileInteractability: false, timeouts: {implicit: 0, pageLoad: 300000, script: 30000}, unhandledPromptBehavior: dismiss and notify, webauthn:extension:credBlob: true, webauthn:extension:largeBlob: true, webauthn:extension:minPinLength: true, webauthn:extension:prf: true, webauthn:virtualAuthenticators: true}
Session ID: 34e6e1991765be70e1e02d4300c43d43]]>
            </message>
            <full-stacktrace>
              <![CDATA[org.openqa.selenium.NoSuchElementException: no such element: Unable to locate element: {"method":"css selector","selector":"div.page_wrapper div.checkout_summary_container div.cart_list div.cart_item:nth-child(7) div.cart_item_label div.item_pricebar:nth-child(3) > div.inventory_item_price"}
  (Session info: chrome=123.0.6312.59)
For documentation on this error, please visit: https://www.selenium.dev/documentation/webdriver/troubleshooting/errors#no-such-element-exception
Build info: version: '4.10.0', revision: 'c14d967899'
System info: os.name: 'Windows 11', os.arch: 'amd64', os.version: '10.0', java.version: '17.0.9'
Driver info: org.openqa.selenium.chrome.ChromeDriver
Command: [34e6e1991765be70e1e02d4300c43d43, findElement {using=css selector, value=div.page_wrapper div.checkout_summary_container div.cart_list div.cart_item:nth-child(7) div.cart_item_label div.item_pricebar:nth-child(3) > div.inventory_item_price}]
Capabilities {acceptInsecureCerts: false, browserName: chrome, browserVersion: 123.0.6312.59, chrome: {chromedriverVersion: 123.0.6312.86 (9b72c47a0536..., userDataDir: C:\Users\PRIYAN~1\AppData\L...}, fedcm:accounts: true, goog:chromeOptions: {debuggerAddress: localhost:63636}, networkConnectionEnabled: false, pageLoadStrategy: normal, platformName: windows, proxy: Proxy(), se:cdp: ws://localhost:63636/devtoo..., se:cdpVersion: 123.0.6312.59, setWindowRect: true, strictFileInteractability: false, timeouts: {implicit: 0, pageLoad: 300000, script: 30000}, unhandledPromptBehavior: dismiss and notify, webauthn:extension:credBlob: true, webauthn:extension:largeBlob: true, webauthn:extension:minPinLength: true, webauthn:extension:prf: true, webauthn:virtualAuthenticators: true}
Session ID: 34e6e1991765be70e1e02d4300c43d43
at java.base/jdk.internal.reflect.NativeConstructorAccessorImpl.newInstance0(Native Method)
at java.base/jdk.internal.reflect.NativeConstructorAccessorImpl.newInstance(NativeConstructorAccessorImpl.java:77)
at java.base/jdk.internal.reflect.DelegatingConstructorAccessorImpl.newInstance(DelegatingConstructorAccessorImpl.java:45)
at java.base/java.lang.reflect.Constructor.newInstanceWithCaller(Constructor.java:499)
at java.base/java.lang.reflect.Constructor.newInstance(Constructor.java:480)
at org.openqa.selenium.remote.codec.w3c.W3CHttpResponseCodec.createException(W3CHttpResponseCodec.java:199)
at org.openqa.selenium.remote.codec.w3c.W3CHttpResponseCodec.decode(W3CHttpResponseCodec.java:132)
at org.openqa.selenium.remote.codec.w3c.W3CHttpResponseCodec.decode(W3CHttpResponseCodec.java:51)
at org.openqa.selenium.remote.HttpCommandExecutor.execute(HttpCommandExecutor.java:191)
at org.openqa.selenium.remote.service.DriverCommandExecutor.invokeExecute(DriverCommandExecutor.java:196)
at org.openqa.selenium.remote.service.DriverCommandExecutor.execute(DriverCommandExecutor.java:171)
at org.openqa.selenium.remote.RemoteWebDriver.execute(RemoteWebDriver.java:531)
at org.openqa.selenium.remote.ElementLocation$ElementFinder$2.findElement(ElementLocation.java:165)
at org.openqa.selenium.remote.ElementLocation.findElement(ElementLocation.java:59)
at org.openqa.selenium.remote.RemoteWebDriver.findElement(RemoteWebDriver.java:350)
at org.openqa.selenium.remote.RemoteWebDriver.findElement(RemoteWebDriver.java:344)
at TestCase.CheckOutOverviewTestCase.CheckOutOverviewTestCase5(CheckOutOverviewTestCase.java:193)
at java.base/jdk.internal.reflect.NativeMethodAccessorImpl.invoke0(Native Method)
at java.base/jdk.internal.reflect.NativeMethodAccessorImpl.invoke(NativeMethodAccessorImpl.java:77)
at java.base/jdk.internal.reflect.DelegatingMethodAccessorImpl.invoke(DelegatingMethodAccessorImpl.java:43)
at java.base/java.lang.reflect.Method.invoke(Method.java:568)
at org.testng.internal.invokers.MethodInvocationHelper.invokeMethod(MethodInvocationHelper.java:139)
at org.testng.internal.invokers.TestInvoker.invokeMethod(TestInvoker.java:664)
at org.testng.internal.invokers.TestInvoker.invokeTestMethod(TestInvoker.java:228)
at org.testng.internal.invokers.MethodRunner.runInSequence(MethodRunner.java:63)
at org.testng.internal.invokers.TestInvoker$MethodInvocationAgent.invoke(TestInvoker.java:961)
at org.testng.internal.invokers.TestInvoker.invokeTestMethods(TestInvoker.java:201)
at org.testng.internal.invokers.TestMethodWorker.invokeTestMethods(TestMethodWorker.java:148)
at org.testng.internal.invokers.TestMethodWorker.run(TestMethodWorker.java:128)
at java.base/java.util.ArrayList.forEach(ArrayList.java:1511)
at org.testng.TestRunner.privateRun(TestRunner.java:819)
at org.testng.TestRunner.run(TestRunner.java:619)
at org.testng.SuiteRunner.runTest(SuiteRunner.java:443)
at org.testng.SuiteRunner.runSequentially(SuiteRunner.java:437)
at org.testng.SuiteRunner.privateRun(SuiteRunner.java:397)
at org.testng.SuiteRunner.run(SuiteRunner.java:336)
at org.testng.SuiteRunnerWorker.runSuite(SuiteRunnerWorker.java:52)
at org.testng.SuiteRunnerWorker.run(SuiteRunnerWorker.java:95)
at org.testng.TestNG.runSuitesSequentially(TestNG.java:1301)
at org.testng.TestNG.runSuitesLocally(TestNG.java:1228)
at org.testng.TestNG.runSuites(TestNG.java:1134)
at org.testng.TestNG.run(TestNG.java:1101)
at org.testng.remote.AbstractRemoteTestNG.run(AbstractRemoteTestNG.java:115)
at org.testng.remote.RemoteTestNG.initAndRun(RemoteTestNG.java:251)
at org.testng.remote.RemoteTestNG.main(RemoteTestNG.java:77)
]]>
            </full-stacktrace>
          </exception> <!-- org.openqa.selenium.NoSuchElementException -->
          <reporter-output>
          </reporter-output>
        </test-method> <!-- CheckOutOverviewTestCase5 -->
        <test-method is-config="true" signature="TearDown()[pri:0, instance:TestCase.CheckOutOverviewTestCase@15043a2f]" started-at="2024-03-27T16:48:14 IST" name="TearDown" finished-at="2024-03-27T16:48:14 IST" duration-ms="250" status="PASS">
          <reporter-output>
          </reporter-output>
        </test-method> <!-- TearDown -->
        <test-method is-config="true" signature="Setup()[pri:0, instance:TestCase.CheckOutOverviewTestCase@15043a2f]" started-at="2024-03-27T16:48:14 IST" name="Setup" finished-at="2024-03-27T16:48:16 IST" duration-ms="1344" status="PASS">
          <reporter-output>
          </reporter-output>
        </test-method> <!-- Setup -->
        <test-method signature="CheckOutOverviewTestCase6()[pri:0, instance:TestCase.CheckOutOverviewTestCase@15043a2f]" started-at="2024-03-27T16:48:16 IST" name="CheckOutOverviewTestCase6" finished-at="2024-03-27T16:48:18 IST" duration-ms="1993" status="FAIL">
          <exception class="org.openqa.selenium.NoSuchElementException">
            <message>
              <![CDATA[no such element: Unable to locate element: {"method":"css selector","selector":"div.page_wrapper div.checkout_summary_container div.cart_list div.cart_item:nth-child(3) div.cart_item_label div.item_pricebar:nth-child(3) > div.inventory_item_price"}
  (Session info: chrome=123.0.6312.59)
For documentation on this error, please visit: https://www.selenium.dev/documentation/webdriver/troubleshooting/errors#no-such-element-exception
Build info: version: '4.10.0', revision: 'c14d967899'
System info: os.name: 'Windows 11', os.arch: 'amd64', os.version: '10.0', java.version: '17.0.9'
Driver info: org.openqa.selenium.chrome.ChromeDriver
Command: [50eeca18bac69d8cff4f452fae09ac58, findElement {using=css selector, value=div.page_wrapper div.checkout_summary_container div.cart_list div.cart_item:nth-child(3) div.cart_item_label div.item_pricebar:nth-child(3) > div.inventory_item_price}]
Capabilities {acceptInsecureCerts: false, browserName: chrome, browserVersion: 123.0.6312.59, chrome: {chromedriverVersion: 123.0.6312.86 (9b72c47a0536..., userDataDir: C:\Users\PRIYAN~1\AppData\L...}, fedcm:accounts: true, goog:chromeOptions: {debuggerAddress: localhost:63661}, networkConnectionEnabled: false, pageLoadStrategy: normal, platformName: windows, proxy: Proxy(), se:cdp: ws://localhost:63661/devtoo..., se:cdpVersion: 123.0.6312.59, setWindowRect: true, strictFileInteractability: false, timeouts: {implicit: 0, pageLoad: 300000, script: 30000}, unhandledPromptBehavior: dismiss and notify, webauthn:extension:credBlob: true, webauthn:extension:largeBlob: true, webauthn:extension:minPinLength: true, webauthn:extension:prf: true, webauthn:virtualAuthenticators: true}
Session ID: 50eeca18bac69d8cff4f452fae09ac58]]>
            </message>
            <full-stacktrace>
              <![CDATA[org.openqa.selenium.NoSuchElementException: no such element: Unable to locate element: {"method":"css selector","selector":"div.page_wrapper div.checkout_summary_container div.cart_list div.cart_item:nth-child(3) div.cart_item_label div.item_pricebar:nth-child(3) > div.inventory_item_price"}
  (Session info: chrome=123.0.6312.59)
For documentation on this error, please visit: https://www.selenium.dev/documentation/webdriver/troubleshooting/errors#no-such-element-exception
Build info: version: '4.10.0', revision: 'c14d967899'
System info: os.name: 'Windows 11', os.arch: 'amd64', os.version: '10.0', java.version: '17.0.9'
Driver info: org.openqa.selenium.chrome.ChromeDriver
Command: [50eeca18bac69d8cff4f452fae09ac58, findElement {using=css selector, value=div.page_wrapper div.checkout_summary_container div.cart_list div.cart_item:nth-child(3) div.cart_item_label div.item_pricebar:nth-child(3) > div.inventory_item_price}]
Capabilities {acceptInsecureCerts: false, browserName: chrome, browserVersion: 123.0.6312.59, chrome: {chromedriverVersion: 123.0.6312.86 (9b72c47a0536..., userDataDir: C:\Users\PRIYAN~1\AppData\L...}, fedcm:accounts: true, goog:chromeOptions: {debuggerAddress: localhost:63661}, networkConnectionEnabled: false, pageLoadStrategy: normal, platformName: windows, proxy: Proxy(), se:cdp: ws://localhost:63661/devtoo..., se:cdpVersion: 123.0.6312.59, setWindowRect: true, strictFileInteractability: false, timeouts: {implicit: 0, pageLoad: 300000, script: 30000}, unhandledPromptBehavior: dismiss and notify, webauthn:extension:credBlob: true, webauthn:extension:largeBlob: true, webauthn:extension:minPinLength: true, webauthn:extension:prf: true, webauthn:virtualAuthenticators: true}
Session ID: 50eeca18bac69d8cff4f452fae09ac58
at java.base/jdk.internal.reflect.NativeConstructorAccessorImpl.newInstance0(Native Method)
at java.base/jdk.internal.reflect.NativeConstructorAccessorImpl.newInstance(NativeConstructorAccessorImpl.java:77)
at java.base/jdk.internal.reflect.DelegatingConstructorAccessorImpl.newInstance(DelegatingConstructorAccessorImpl.java:45)
at java.base/java.lang.reflect.Constructor.newInstanceWithCaller(Constructor.java:499)
at java.base/java.lang.reflect.Constructor.newInstance(Constructor.java:480)
at org.openqa.selenium.remote.codec.w3c.W3CHttpResponseCodec.createException(W3CHttpResponseCodec.java:199)
at org.openqa.selenium.remote.codec.w3c.W3CHttpResponseCodec.decode(W3CHttpResponseCodec.java:132)
at org.openqa.selenium.remote.codec.w3c.W3CHttpResponseCodec.decode(W3CHttpResponseCodec.java:51)
at org.openqa.selenium.remote.HttpCommandExecutor.execute(HttpCommandExecutor.java:191)
at org.openqa.selenium.remote.service.DriverCommandExecutor.invokeExecute(DriverCommandExecutor.java:196)
at org.openqa.selenium.remote.service.DriverCommandExecutor.execute(DriverCommandExecutor.java:171)
at org.openqa.selenium.remote.RemoteWebDriver.execute(RemoteWebDriver.java:531)
at org.openqa.selenium.remote.ElementLocation$ElementFinder$2.findElement(ElementLocation.java:165)
at org.openqa.selenium.remote.ElementLocation.findElement(ElementLocation.java:59)
at org.openqa.selenium.remote.RemoteWebDriver.findElement(RemoteWebDriver.java:350)
at org.openqa.selenium.remote.RemoteWebDriver.findElement(RemoteWebDriver.java:344)
at TestCase.CheckOutOverviewTestCase.CheckOutOverviewTestCase6(CheckOutOverviewTestCase.java:228)
at java.base/jdk.internal.reflect.NativeMethodAccessorImpl.invoke0(Native Method)
at java.base/jdk.internal.reflect.NativeMethodAccessorImpl.invoke(NativeMethodAccessorImpl.java:77)
at java.base/jdk.internal.reflect.DelegatingMethodAccessorImpl.invoke(DelegatingMethodAccessorImpl.java:43)
at java.base/java.lang.reflect.Method.invoke(Method.java:568)
at org.testng.internal.invokers.MethodInvocationHelper.invokeMethod(MethodInvocationHelper.java:139)
at org.testng.internal.invokers.TestInvoker.invokeMethod(TestInvoker.java:664)
at org.testng.internal.invokers.TestInvoker.invokeTestMethod(TestInvoker.java:228)
at org.testng.internal.invokers.MethodRunner.runInSequence(MethodRunner.java:63)
at org.testng.internal.invokers.TestInvoker$MethodInvocationAgent.invoke(TestInvoker.java:961)
at org.testng.internal.invokers.TestInvoker.invokeTestMethods(TestInvoker.java:201)
at org.testng.internal.invokers.TestMethodWorker.invokeTestMethods(TestMethodWorker.java:148)
at org.testng.internal.invokers.TestMethodWorker.run(TestMethodWorker.java:128)
at java.base/java.util.ArrayList.forEach(ArrayList.java:1511)
at org.testng.TestRunner.privateRun(TestRunner.java:819)
at org.testng.TestRunner.run(TestRunner.java:619)
at org.testng.SuiteRunner.runTest(SuiteRunner.java:443)
at org.testng.SuiteRunner.runSequentially(SuiteRunner.java:437)
at org.testng.SuiteRunner.privateRun(SuiteRunner.java:397)
at org.testng.SuiteRunner.run(SuiteRunner.java:336)
at org.testng.SuiteRunnerWorker.runSuite(SuiteRunnerWorker.java:52)
at org.testng.SuiteRunnerWorker.run(SuiteRunnerWorker.java:95)
at org.testng.TestNG.runSuitesSequentially(TestNG.java:1301)
at org.testng.TestNG.runSuitesLocally(TestNG.java:1228)
at org.testng.TestNG.runSuites(TestNG.java:1134)
at org.testng.TestNG.run(TestNG.java:1101)
at org.testng.remote.AbstractRemoteTestNG.run(AbstractRemoteTestNG.java:115)
at org.testng.remote.RemoteTestNG.initAndRun(RemoteTestNG.java:251)
at org.testng.remote.RemoteTestNG.main(RemoteTestNG.java:77)
]]>
            </full-stacktrace>
          </exception> <!-- org.openqa.selenium.NoSuchElementException -->
          <reporter-output>
          </reporter-output>
        </test-method> <!-- CheckOutOverviewTestCase6 -->
        <test-method is-config="true" signature="TearDown()[pri:0, instance:TestCase.CheckOutOverviewTestCase@15043a2f]" started-at="2024-03-27T16:48:18 IST" name="TearDown" finished-at="2024-03-27T16:48:18 IST" duration-ms="273" status="PASS">
          <reporter-output>
          </reporter-output>
        </test-method> <!-- TearDown -->
        <test-method is-config="true" signature="Setup()[pri:0, instance:TestCase.CheckOutOverviewTestCase@15043a2f]" started-at="2024-03-27T16:48:18 IST" name="Setup" finished-at="2024-03-27T16:48:19 IST" duration-ms="1376" status="PASS">
          <reporter-output>
          </reporter-output>
        </test-method> <!-- Setup -->
        <test-method signature="CheckOutOverviewTestCase7()[pri:0, instance:TestCase.CheckOutOverviewTestCase@15043a2f]" started-at="2024-03-27T16:48:19 IST" name="CheckOutOverviewTestCase7" finished-at="2024-03-27T16:48:21 IST" duration-ms="2011" status="FAIL">
          <exception class="org.openqa.selenium.NoSuchElementException">
            <message>
              <![CDATA[no such element: Unable to locate element: {"method":"css selector","selector":"div.page_wrapper div.checkout_summary_container div.cart_list div.cart_item:nth-child(8) div.cart_item_label div.item_pricebar:nth-child(3) > div.inventory_item_price"}
  (Session info: chrome=123.0.6312.59)
For documentation on this error, please visit: https://www.selenium.dev/documentation/webdriver/troubleshooting/errors#no-such-element-exception
Build info: version: '4.10.0', revision: 'c14d967899'
System info: os.name: 'Windows 11', os.arch: 'amd64', os.version: '10.0', java.version: '17.0.9'
Driver info: org.openqa.selenium.chrome.ChromeDriver
Command: [9529ce3229e46c3ce23eb0a457e2fd41, findElement {using=css selector, value=div.page_wrapper div.checkout_summary_container div.cart_list div.cart_item:nth-child(8) div.cart_item_label div.item_pricebar:nth-child(3) > div.inventory_item_price}]
Capabilities {acceptInsecureCerts: false, browserName: chrome, browserVersion: 123.0.6312.59, chrome: {chromedriverVersion: 123.0.6312.86 (9b72c47a0536..., userDataDir: C:\Users\PRIYAN~1\AppData\L...}, fedcm:accounts: true, goog:chromeOptions: {debuggerAddress: localhost:63684}, networkConnectionEnabled: false, pageLoadStrategy: normal, platformName: windows, proxy: Proxy(), se:cdp: ws://localhost:63684/devtoo..., se:cdpVersion: 123.0.6312.59, setWindowRect: true, strictFileInteractability: false, timeouts: {implicit: 0, pageLoad: 300000, script: 30000}, unhandledPromptBehavior: dismiss and notify, webauthn:extension:credBlob: true, webauthn:extension:largeBlob: true, webauthn:extension:minPinLength: true, webauthn:extension:prf: true, webauthn:virtualAuthenticators: true}
Session ID: 9529ce3229e46c3ce23eb0a457e2fd41]]>
            </message>
            <full-stacktrace>
              <![CDATA[org.openqa.selenium.NoSuchElementException: no such element: Unable to locate element: {"method":"css selector","selector":"div.page_wrapper div.checkout_summary_container div.cart_list div.cart_item:nth-child(8) div.cart_item_label div.item_pricebar:nth-child(3) > div.inventory_item_price"}
  (Session info: chrome=123.0.6312.59)
For documentation on this error, please visit: https://www.selenium.dev/documentation/webdriver/troubleshooting/errors#no-such-element-exception
Build info: version: '4.10.0', revision: 'c14d967899'
System info: os.name: 'Windows 11', os.arch: 'amd64', os.version: '10.0', java.version: '17.0.9'
Driver info: org.openqa.selenium.chrome.ChromeDriver
Command: [9529ce3229e46c3ce23eb0a457e2fd41, findElement {using=css selector, value=div.page_wrapper div.checkout_summary_container div.cart_list div.cart_item:nth-child(8) div.cart_item_label div.item_pricebar:nth-child(3) > div.inventory_item_price}]
Capabilities {acceptInsecureCerts: false, browserName: chrome, browserVersion: 123.0.6312.59, chrome: {chromedriverVersion: 123.0.6312.86 (9b72c47a0536..., userDataDir: C:\Users\PRIYAN~1\AppData\L...}, fedcm:accounts: true, goog:chromeOptions: {debuggerAddress: localhost:63684}, networkConnectionEnabled: false, pageLoadStrategy: normal, platformName: windows, proxy: Proxy(), se:cdp: ws://localhost:63684/devtoo..., se:cdpVersion: 123.0.6312.59, setWindowRect: true, strictFileInteractability: false, timeouts: {implicit: 0, pageLoad: 300000, script: 30000}, unhandledPromptBehavior: dismiss and notify, webauthn:extension:credBlob: true, webauthn:extension:largeBlob: true, webauthn:extension:minPinLength: true, webauthn:extension:prf: true, webauthn:virtualAuthenticators: true}
Session ID: 9529ce3229e46c3ce23eb0a457e2fd41
at java.base/jdk.internal.reflect.NativeConstructorAccessorImpl.newInstance0(Native Method)
at java.base/jdk.internal.reflect.NativeConstructorAccessorImpl.newInstance(NativeConstructorAccessorImpl.java:77)
at java.base/jdk.internal.reflect.DelegatingConstructorAccessorImpl.newInstance(DelegatingConstructorAccessorImpl.java:45)
at java.base/java.lang.reflect.Constructor.newInstanceWithCaller(Constructor.java:499)
at java.base/java.lang.reflect.Constructor.newInstance(Constructor.java:480)
at org.openqa.selenium.remote.codec.w3c.W3CHttpResponseCodec.createException(W3CHttpResponseCodec.java:199)
at org.openqa.selenium.remote.codec.w3c.W3CHttpResponseCodec.decode(W3CHttpResponseCodec.java:132)
at org.openqa.selenium.remote.codec.w3c.W3CHttpResponseCodec.decode(W3CHttpResponseCodec.java:51)
at org.openqa.selenium.remote.HttpCommandExecutor.execute(HttpCommandExecutor.java:191)
at org.openqa.selenium.remote.service.DriverCommandExecutor.invokeExecute(DriverCommandExecutor.java:196)
at org.openqa.selenium.remote.service.DriverCommandExecutor.execute(DriverCommandExecutor.java:171)
at org.openqa.selenium.remote.RemoteWebDriver.execute(RemoteWebDriver.java:531)
at org.openqa.selenium.remote.ElementLocation$ElementFinder$2.findElement(ElementLocation.java:165)
at org.openqa.selenium.remote.ElementLocation.findElement(ElementLocation.java:59)
at org.openqa.selenium.remote.RemoteWebDriver.findElement(RemoteWebDriver.java:350)
at org.openqa.selenium.remote.RemoteWebDriver.findElement(RemoteWebDriver.java:344)
at TestCase.CheckOutOverviewTestCase.CheckOutOverviewTestCase7(CheckOutOverviewTestCase.java:263)
at java.base/jdk.internal.reflect.NativeMethodAccessorImpl.invoke0(Native Method)
at java.base/jdk.internal.reflect.NativeMethodAccessorImpl.invoke(NativeMethodAccessorImpl.java:77)
at java.base/jdk.internal.reflect.DelegatingMethodAccessorImpl.invoke(DelegatingMethodAccessorImpl.java:43)
at java.base/java.lang.reflect.Method.invoke(Method.java:568)
at org.testng.internal.invokers.MethodInvocationHelper.invokeMethod(MethodInvocationHelper.java:139)
at org.testng.internal.invokers.TestInvoker.invokeMethod(TestInvoker.java:664)
at org.testng.internal.invokers.TestInvoker.invokeTestMethod(TestInvoker.java:228)
at org.testng.internal.invokers.MethodRunner.runInSequence(MethodRunner.java:63)
at org.testng.internal.invokers.TestInvoker$MethodInvocationAgent.invoke(TestInvoker.java:961)
at org.testng.internal.invokers.TestInvoker.invokeTestMethods(TestInvoker.java:201)
at org.testng.internal.invokers.TestMethodWorker.invokeTestMethods(TestMethodWorker.java:148)
at org.testng.internal.invokers.TestMethodWorker.run(TestMethodWorker.java:128)
at java.base/java.util.ArrayList.forEach(ArrayList.java:1511)
at org.testng.TestRunner.privateRun(TestRunner.java:819)
at org.testng.TestRunner.run(TestRunner.java:619)
at org.testng.SuiteRunner.runTest(SuiteRunner.java:443)
at org.testng.SuiteRunner.runSequentially(SuiteRunner.java:437)
at org.testng.SuiteRunner.privateRun(SuiteRunner.java:397)
at org.testng.SuiteRunner.run(SuiteRunner.java:336)
at org.testng.SuiteRunnerWorker.runSuite(SuiteRunnerWorker.java:52)
at org.testng.SuiteRunnerWorker.run(SuiteRunnerWorker.java:95)
at org.testng.TestNG.runSuitesSequentially(TestNG.java:1301)
at org.testng.TestNG.runSuitesLocally(TestNG.java:1228)
at org.testng.TestNG.runSuites(TestNG.java:1134)
at org.testng.TestNG.run(TestNG.java:1101)
at org.testng.remote.AbstractRemoteTestNG.run(AbstractRemoteTestNG.java:115)
at org.testng.remote.RemoteTestNG.initAndRun(RemoteTestNG.java:251)
at org.testng.remote.RemoteTestNG.main(RemoteTestNG.java:77)
]]>
            </full-stacktrace>
          </exception> <!-- org.openqa.selenium.NoSuchElementException -->
          <reporter-output>
          </reporter-output>
        </test-method> <!-- CheckOutOverviewTestCase7 -->
        <test-method is-config="true" signature="TearDown()[pri:0, instance:TestCase.CheckOutOverviewTestCase@15043a2f]" started-at="2024-03-27T16:48:21 IST" name="TearDown" finished-at="2024-03-27T16:48:22 IST" duration-ms="266" status="PASS">
          <reporter-output>
          </reporter-output>
        </test-method> <!-- TearDown -->
        <test-method is-config="true" signature="Setup()[pri:0, instance:TestCase.CheckOutOverviewTestCase@15043a2f]" started-at="2024-03-27T16:48:22 IST" name="Setup" finished-at="2024-03-27T16:48:23 IST" duration-ms="1057" status="PASS">
          <reporter-output>
          </reporter-output>
        </test-method> <!-- Setup -->
        <test-method signature="CheckOutOverviewTestCase8()[pri:0, instance:TestCase.CheckOutOverviewTestCase@15043a2f]" started-at="2024-03-27T16:48:23 IST" name="CheckOutOverviewTestCase8" finished-at="2024-03-27T16:48:25 IST" duration-ms="2483" status="FAIL">
          <exception class="java.lang.AssertionError">
            <message>
              <![CDATA[expected [Item total: $129.94] but found [Item total: $0]]]>
            </message>
            <full-stacktrace>
              <![CDATA[java.lang.AssertionError: expected [Item total: $129.94] but found [Item total: $0]
at org.testng.Assert.fail(Assert.java:111)
at org.testng.Assert.failNotEquals(Assert.java:1578)
at org.testng.Assert.assertEqualsImpl(Assert.java:150)
at org.testng.Assert.assertEquals(Assert.java:132)
at org.testng.Assert.assertEquals(Assert.java:656)
at org.testng.Assert.assertEquals(Assert.java:666)
at TestCase.CheckOutOverviewTestCase.CheckOutOverviewTestCase8(CheckOutOverviewTestCase.java:300)
at java.base/jdk.internal.reflect.NativeMethodAccessorImpl.invoke0(Native Method)
at java.base/jdk.internal.reflect.NativeMethodAccessorImpl.invoke(NativeMethodAccessorImpl.java:77)
at java.base/jdk.internal.reflect.DelegatingMethodAccessorImpl.invoke(DelegatingMethodAccessorImpl.java:43)
at java.base/java.lang.reflect.Method.invoke(Method.java:568)
at org.testng.internal.invokers.MethodInvocationHelper.invokeMethod(MethodInvocationHelper.java:139)
at org.testng.internal.invokers.TestInvoker.invokeMethod(TestInvoker.java:664)
at org.testng.internal.invokers.TestInvoker.invokeTestMethod(TestInvoker.java:228)
at org.testng.internal.invokers.MethodRunner.runInSequence(MethodRunner.java:63)
at org.testng.internal.invokers.TestInvoker$MethodInvocationAgent.invoke(TestInvoker.java:961)
at org.testng.internal.invokers.TestInvoker.invokeTestMethods(TestInvoker.java:201)
at org.testng.internal.invokers.TestMethodWorker.invokeTestMethods(TestMethodWorker.java:148)
at org.testng.internal.invokers.TestMethodWorker.run(TestMethodWorker.java:128)
at java.base/java.util.ArrayList.forEach(ArrayList.java:1511)
at org.testng.TestRunner.privateRun(TestRunner.java:819)
at org.testng.TestRunner.run(TestRunner.java:619)
at org.testng.SuiteRunner.runTest(SuiteRunner.java:443)
at org.testng.SuiteRunner.runSequentially(SuiteRunner.java:437)
at org.testng.SuiteRunner.privateRun(SuiteRunner.java:397)
at org.testng.SuiteRunner.run(SuiteRunner.java:336)
at org.testng.SuiteRunnerWorker.runSuite(SuiteRunnerWorker.java:52)
at org.testng.SuiteRunnerWorker.run(SuiteRunnerWorker.java:95)
at org.testng.TestNG.runSuitesSequentially(TestNG.java:1301)
at org.testng.TestNG.runSuitesLocally(TestNG.java:1228)
at org.testng.TestNG.runSuites(TestNG.java:1134)
at org.testng.TestNG.run(TestNG.java:1101)
at org.testng.remote.AbstractRemoteTestNG.run(AbstractRemoteTestNG.java:115)
at org.testng.remote.RemoteTestNG.initAndRun(RemoteTestNG.java:251)
at org.testng.remote.RemoteTestNG.main(RemoteTestNG.java:77)
]]>
            </full-stacktrace>
          </exception> <!-- java.lang.AssertionError -->
          <reporter-output>
          </reporter-output>
        </test-method> <!-- CheckOutOverviewTestCase8 -->
        <test-method is-config="true" signature="TearDown()[pri:0, instance:TestCase.CheckOutOverviewTestCase@15043a2f]" started-at="2024-03-27T16:48:25 IST" name="TearDown" finished-at="2024-03-27T16:48:25 IST" duration-ms="249" status="PASS">
          <reporter-output>
          </reporter-output>
        </test-method> <!-- TearDown -->
        <test-method is-config="true" signature="Setup()[pri:0, instance:TestCase.CheckOutOverviewTestCase@15043a2f]" started-at="2024-03-27T16:48:25 IST" name="Setup" finished-at="2024-03-27T16:48:26 IST" duration-ms="904" status="PASS">
          <reporter-output>
          </reporter-output>
        </test-method> <!-- Setup -->
        <test-method signature="CheckOutOverviewTestCase9()[pri:0, instance:TestCase.CheckOutOverviewTestCase@15043a2f]" started-at="2024-03-27T16:48:26 IST" name="CheckOutOverviewTestCase9" finished-at="2024-03-27T16:48:29 IST" duration-ms="2444" status="FAIL">
          <exception class="java.lang.AssertionError">
            <message>
              <![CDATA[expected [Tax: $10.40] but found [Tax: $0.00]]]>
            </message>
            <full-stacktrace>
              <![CDATA[java.lang.AssertionError: expected [Tax: $10.40] but found [Tax: $0.00]
at org.testng.Assert.fail(Assert.java:111)
at org.testng.Assert.failNotEquals(Assert.java:1578)
at org.testng.Assert.assertEqualsImpl(Assert.java:150)
at org.testng.Assert.assertEquals(Assert.java:132)
at org.testng.Assert.assertEquals(Assert.java:656)
at org.testng.Assert.assertEquals(Assert.java:666)
at TestCase.CheckOutOverviewTestCase.CheckOutOverviewTestCase9(CheckOutOverviewTestCase.java:335)
at java.base/jdk.internal.reflect.NativeMethodAccessorImpl.invoke0(Native Method)
at java.base/jdk.internal.reflect.NativeMethodAccessorImpl.invoke(NativeMethodAccessorImpl.java:77)
at java.base/jdk.internal.reflect.DelegatingMethodAccessorImpl.invoke(DelegatingMethodAccessorImpl.java:43)
at java.base/java.lang.reflect.Method.invoke(Method.java:568)
at org.testng.internal.invokers.MethodInvocationHelper.invokeMethod(MethodInvocationHelper.java:139)
at org.testng.internal.invokers.TestInvoker.invokeMethod(TestInvoker.java:664)
at org.testng.internal.invokers.TestInvoker.invokeTestMethod(TestInvoker.java:228)
at org.testng.internal.invokers.MethodRunner.runInSequence(MethodRunner.java:63)
at org.testng.internal.invokers.TestInvoker$MethodInvocationAgent.invoke(TestInvoker.java:961)
at org.testng.internal.invokers.TestInvoker.invokeTestMethods(TestInvoker.java:201)
at org.testng.internal.invokers.TestMethodWorker.invokeTestMethods(TestMethodWorker.java:148)
at org.testng.internal.invokers.TestMethodWorker.run(TestMethodWorker.java:128)
at java.base/java.util.ArrayList.forEach(ArrayList.java:1511)
at org.testng.TestRunner.privateRun(TestRunner.java:819)
at org.testng.TestRunner.run(TestRunner.java:619)
at org.testng.SuiteRunner.runTest(SuiteRunner.java:443)
at org.testng.SuiteRunner.runSequentially(SuiteRunner.java:437)
at org.testng.SuiteRunner.privateRun(SuiteRunner.java:397)
at org.testng.SuiteRunner.run(SuiteRunner.java:336)
at org.testng.SuiteRunnerWorker.runSuite(SuiteRunnerWorker.java:52)
at org.testng.SuiteRunnerWorker.run(SuiteRunnerWorker.java:95)
at org.testng.TestNG.runSuitesSequentially(TestNG.java:1301)
at org.testng.TestNG.runSuitesLocally(TestNG.java:1228)
at org.testng.TestNG.runSuites(TestNG.java:1134)
at org.testng.TestNG.run(TestNG.java:1101)
at org.testng.remote.AbstractRemoteTestNG.run(AbstractRemoteTestNG.java:115)
at org.testng.remote.RemoteTestNG.initAndRun(RemoteTestNG.java:251)
at org.testng.remote.RemoteTestNG.main(RemoteTestNG.java:77)
]]>
            </full-stacktrace>
          </exception> <!-- java.lang.AssertionError -->
          <reporter-output>
          </reporter-output>
        </test-method> <!-- CheckOutOverviewTestCase9 -->
        <test-method is-config="true" signature="TearDown()[pri:0, instance:TestCase.CheckOutOverviewTestCase@15043a2f]" started-at="2024-03-27T16:48:29 IST" name="TearDown" finished-at="2024-03-27T16:48:29 IST" duration-ms="289" status="PASS">
          <reporter-output>
          </reporter-output>
        </test-method> <!-- TearDown -->
      </class> <!-- TestCase.CheckOutOverviewTestCase -->
      <class name="TestCase.CartTestCase">
        <test-method is-config="true" signature="Setup()[pri:0, instance:TestCase.CartTestCase@247310d0]" started-at="2024-03-27T16:48:29 IST" name="Setup" finished-at="2024-03-27T16:48:30 IST" duration-ms="1367" status="PASS">
          <reporter-output>
          </reporter-output>
        </test-method> <!-- Setup -->
        <test-method signature="CartTestCase1()[pri:0, instance:TestCase.CartTestCase@247310d0]" started-at="2024-03-27T16:48:30 IST" name="CartTestCase1" finished-at="2024-03-27T16:48:33 IST" duration-ms="2567" status="PASS">
          <reporter-output>
          </reporter-output>
        </test-method> <!-- CartTestCase1 -->
        <test-method is-config="true" signature="Setup()[pri:0, instance:TestCase.CartTestCase@247310d0]" started-at="2024-03-27T16:48:33 IST" name="Setup" finished-at="2024-03-27T16:48:34 IST" duration-ms="1458" status="PASS">
          <reporter-output>
          </reporter-output>
        </test-method> <!-- Setup -->
        <test-method signature="CartTestCase10()[pri:0, instance:TestCase.CartTestCase@247310d0]" started-at="2024-03-27T16:48:34 IST" name="CartTestCase10" finished-at="2024-03-27T16:48:37 IST" duration-ms="2693" status="PASS">
          <reporter-output>
          </reporter-output>
        </test-method> <!-- CartTestCase10 -->
        <test-method is-config="true" signature="Setup()[pri:0, instance:TestCase.CartTestCase@247310d0]" started-at="2024-03-27T16:48:37 IST" name="Setup" finished-at="2024-03-27T16:48:39 IST" duration-ms="1470" status="PASS">
          <reporter-output>
          </reporter-output>
        </test-method> <!-- Setup -->
        <test-method signature="CartTestCase11()[pri:0, instance:TestCase.CartTestCase@247310d0]" started-at="2024-03-27T16:48:39 IST" name="CartTestCase11" finished-at="2024-03-27T16:48:41 IST" duration-ms="2698" status="PASS">
          <reporter-output>
          </reporter-output>
        </test-method> <!-- CartTestCase11 -->
        <test-method is-config="true" signature="Setup()[pri:0, instance:TestCase.CartTestCase@247310d0]" started-at="2024-03-27T16:48:41 IST" name="Setup" finished-at="2024-03-27T16:48:43 IST" duration-ms="1727" status="PASS">
          <reporter-output>
          </reporter-output>
        </test-method> <!-- Setup -->
        <test-method signature="CartTestCase12()[pri:0, instance:TestCase.CartTestCase@247310d0]" started-at="2024-03-27T16:48:43 IST" name="CartTestCase12" finished-at="2024-03-27T16:48:46 IST" duration-ms="2786" status="PASS">
          <reporter-output>
          </reporter-output>
        </test-method> <!-- CartTestCase12 -->
        <test-method is-config="true" signature="Setup()[pri:0, instance:TestCase.CartTestCase@247310d0]" started-at="2024-03-27T16:48:46 IST" name="Setup" finished-at="2024-03-27T16:48:47 IST" duration-ms="1511" status="PASS">
          <reporter-output>
          </reporter-output>
        </test-method> <!-- Setup -->
        <test-method signature="CartTestCase13()[pri:0, instance:TestCase.CartTestCase@247310d0]" started-at="2024-03-27T16:48:47 IST" name="CartTestCase13" finished-at="2024-03-27T16:48:50 IST" duration-ms="2677" status="PASS">
          <reporter-output>
          </reporter-output>
        </test-method> <!-- CartTestCase13 -->
        <test-method is-config="true" signature="Setup()[pri:0, instance:TestCase.CartTestCase@247310d0]" started-at="2024-03-27T16:48:50 IST" name="Setup" finished-at="2024-03-27T16:48:52 IST" duration-ms="1747" status="PASS">
          <reporter-output>
          </reporter-output>
        </test-method> <!-- Setup -->
        <test-method signature="CartTestCase14()[pri:0, instance:TestCase.CartTestCase@247310d0]" started-at="2024-03-27T16:48:52 IST" name="CartTestCase14" finished-at="2024-03-27T16:48:54 IST" duration-ms="2631" status="PASS">
          <reporter-output>
          </reporter-output>
        </test-method> <!-- CartTestCase14 -->
        <test-method is-config="true" signature="Setup()[pri:0, instance:TestCase.CartTestCase@247310d0]" started-at="2024-03-27T16:48:54 IST" name="Setup" finished-at="2024-03-27T16:48:56 IST" duration-ms="1631" status="PASS">
          <reporter-output>
          </reporter-output>
        </test-method> <!-- Setup -->
        <test-method signature="CartTestCase2()[pri:0, instance:TestCase.CartTestCase@247310d0]" started-at="2024-03-27T16:48:56 IST" name="CartTestCase2" finished-at="2024-03-27T16:48:59 IST" duration-ms="2664" status="PASS">
          <reporter-output>
          </reporter-output>
        </test-method> <!-- CartTestCase2 -->
        <test-method is-config="true" signature="Setup()[pri:0, instance:TestCase.CartTestCase@247310d0]" started-at="2024-03-27T16:48:59 IST" name="Setup" finished-at="2024-03-27T16:49:00 IST" duration-ms="1866" status="PASS">
          <reporter-output>
          </reporter-output>
        </test-method> <!-- Setup -->
        <test-method signature="CartTestCase3()[pri:0, instance:TestCase.CartTestCase@247310d0]" started-at="2024-03-27T16:49:00 IST" name="CartTestCase3" finished-at="2024-03-27T16:49:03 IST" duration-ms="2701" status="PASS">
          <reporter-output>
          </reporter-output>
        </test-method> <!-- CartTestCase3 -->
        <test-method is-config="true" signature="Setup()[pri:0, instance:TestCase.CartTestCase@247310d0]" started-at="2024-03-27T16:49:03 IST" name="Setup" finished-at="2024-03-27T16:49:05 IST" duration-ms="1811" status="PASS">
          <reporter-output>
          </reporter-output>
        </test-method> <!-- Setup -->
        <test-method signature="CartTestCase4()[pri:0, instance:TestCase.CartTestCase@247310d0]" started-at="2024-03-27T16:49:05 IST" name="CartTestCase4" finished-at="2024-03-27T16:49:08 IST" duration-ms="2742" status="PASS">
          <reporter-output>
          </reporter-output>
        </test-method> <!-- CartTestCase4 -->
        <test-method is-config="true" signature="Setup()[pri:0, instance:TestCase.CartTestCase@247310d0]" started-at="2024-03-27T16:49:08 IST" name="Setup" finished-at="2024-03-27T16:49:10 IST" duration-ms="2158" status="PASS">
          <reporter-output>
          </reporter-output>
        </test-method> <!-- Setup -->
        <test-method signature="CartTestCase5()[pri:0, instance:TestCase.CartTestCase@247310d0]" started-at="2024-03-27T16:49:10 IST" name="CartTestCase5" finished-at="2024-03-27T16:49:13 IST" duration-ms="2729" status="PASS">
          <reporter-output>
          </reporter-output>
        </test-method> <!-- CartTestCase5 -->
        <test-method is-config="true" signature="Setup()[pri:0, instance:TestCase.CartTestCase@247310d0]" started-at="2024-03-27T16:49:13 IST" name="Setup" finished-at="2024-03-27T16:49:15 IST" duration-ms="1929" status="PASS">
          <reporter-output>
          </reporter-output>
        </test-method> <!-- Setup -->
        <test-method signature="CartTestCase6()[pri:0, instance:TestCase.CartTestCase@247310d0]" started-at="2024-03-27T16:49:15 IST" name="CartTestCase6" finished-at="2024-03-27T16:49:17 IST" duration-ms="2835" status="PASS">
          <reporter-output>
          </reporter-output>
        </test-method> <!-- CartTestCase6 -->
        <test-method is-config="true" signature="Setup()[pri:0, instance:TestCase.CartTestCase@247310d0]" started-at="2024-03-27T16:49:17 IST" name="Setup" finished-at="2024-03-27T16:49:19 IST" duration-ms="2065" status="PASS">
          <reporter-output>
          </reporter-output>
        </test-method> <!-- Setup -->
        <test-method signature="CartTestCase7()[pri:0, instance:TestCase.CartTestCase@247310d0]" started-at="2024-03-27T16:49:19 IST" name="CartTestCase7" finished-at="2024-03-27T16:49:22 IST" duration-ms="2959" status="PASS">
          <reporter-output>
          </reporter-output>
        </test-method> <!-- CartTestCase7 -->
        <test-method is-config="true" signature="Setup()[pri:0, instance:TestCase.CartTestCase@247310d0]" started-at="2024-03-27T16:49:22 IST" name="Setup" finished-at="2024-03-27T16:49:24 IST" duration-ms="1474" status="PASS">
          <reporter-output>
          </reporter-output>
        </test-method> <!-- Setup -->
        <test-method signature="CartTestCase8()[pri:0, instance:TestCase.CartTestCase@247310d0]" started-at="2024-03-27T16:49:24 IST" name="CartTestCase8" finished-at="2024-03-27T16:49:27 IST" duration-ms="2903" status="PASS">
          <reporter-output>
          </reporter-output>
        </test-method> <!-- CartTestCase8 -->
        <test-method is-config="true" signature="Setup()[pri:0, instance:TestCase.CartTestCase@247310d0]" started-at="2024-03-27T16:49:27 IST" name="Setup" finished-at="2024-03-27T16:49:29 IST" duration-ms="1901" status="PASS">
          <reporter-output>
          </reporter-output>
        </test-method> <!-- Setup -->
        <test-method signature="CartTestCase9()[pri:0, instance:TestCase.CartTestCase@247310d0]" started-at="2024-03-27T16:49:29 IST" name="CartTestCase9" finished-at="2024-03-27T16:49:32 IST" duration-ms="2999" status="PASS">
          <reporter-output>
          </reporter-output>
        </test-method> <!-- CartTestCase9 -->
      </class> <!-- TestCase.CartTestCase -->
      <class name="TestCase.CheckoutCompleteTestCase">
        <test-method is-config="true" signature="Setup()[pri:0, instance:TestCase.CheckoutCompleteTestCase@1033576a]" started-at="2024-03-27T16:49:32 IST" name="Setup" finished-at="2024-03-27T16:49:33 IST" duration-ms="1668" status="PASS">
          <reporter-output>
          </reporter-output>
        </test-method> <!-- Setup -->
        <test-method signature="CheckOutCompleteTestCase1()[pri:0, instance:TestCase.CheckoutCompleteTestCase@1033576a]" started-at="2024-03-27T16:49:33 IST" name="CheckOutCompleteTestCase1" finished-at="2024-03-27T16:49:37 IST" duration-ms="3651" status="PASS">
          <reporter-output>
          </reporter-output>
        </test-method> <!-- CheckOutCompleteTestCase1 -->
        <test-method is-config="true" signature="TearDown()[pri:0, instance:TestCase.CheckoutCompleteTestCase@1033576a]" started-at="2024-03-27T16:49:37 IST" name="TearDown" finished-at="2024-03-27T16:49:37 IST" duration-ms="261" status="PASS">
          <reporter-output>
          </reporter-output>
        </test-method> <!-- TearDown -->
        <test-method is-config="true" signature="Setup()[pri:0, instance:TestCase.CheckoutCompleteTestCase@1033576a]" started-at="2024-03-27T16:49:37 IST" name="Setup" finished-at="2024-03-27T16:49:39 IST" duration-ms="1511" status="PASS">
          <reporter-output>
          </reporter-output>
        </test-method> <!-- Setup -->
        <test-method signature="CheckOutCompleteTestCase2()[pri:0, instance:TestCase.CheckoutCompleteTestCase@1033576a]" started-at="2024-03-27T16:49:39 IST" name="CheckOutCompleteTestCase2" finished-at="2024-03-27T16:49:43 IST" duration-ms="4241" status="PASS">
          <reporter-output>
          </reporter-output>
        </test-method> <!-- CheckOutCompleteTestCase2 -->
        <test-method is-config="true" signature="TearDown()[pri:0, instance:TestCase.CheckoutCompleteTestCase@1033576a]" started-at="2024-03-27T16:49:43 IST" name="TearDown" finished-at="2024-03-27T16:49:43 IST" duration-ms="246" status="PASS">
          <reporter-output>
          </reporter-output>
        </test-method> <!-- TearDown -->
      </class> <!-- TestCase.CheckoutCompleteTestCase -->
      <class name="TestCase.CheckOutTestCase">
        <test-method is-config="true" signature="Setup()[pri:0, instance:TestCase.CheckOutTestCase@76494737]" started-at="2024-03-27T16:50:24 IST" name="Setup" finished-at="2024-03-27T16:50:25 IST" duration-ms="1303" status="PASS">
          <reporter-output>
          </reporter-output>
        </test-method> <!-- Setup -->
        <test-method signature="CheckOutTestCase1()[pri:0, instance:TestCase.CheckOutTestCase@76494737]" started-at="2024-03-27T16:50:25 IST" name="CheckOutTestCase1" finished-at="2024-03-27T16:50:28 IST" duration-ms="2971" status="PASS">
          <reporter-output>
          </reporter-output>
        </test-method> <!-- CheckOutTestCase1 -->
        <test-method is-config="true" signature="TearDown()[pri:0, instance:TestCase.CheckOutTestCase@76494737]" started-at="2024-03-27T16:50:28 IST" name="TearDown" finished-at="2024-03-27T16:50:29 IST" duration-ms="183" status="PASS">
          <reporter-output>
          </reporter-output>
        </test-method> <!-- TearDown -->
        <test-method is-config="true" signature="Setup()[pri:0, instance:TestCase.CheckOutTestCase@76494737]" started-at="2024-03-27T16:50:29 IST" name="Setup" finished-at="2024-03-27T16:50:30 IST" duration-ms="1380" status="PASS">
          <reporter-output>
          </reporter-output>
        </test-method> <!-- Setup -->
        <test-method signature="CheckOutTestCase2()[pri:0, instance:TestCase.CheckOutTestCase@76494737]" started-at="2024-03-27T16:50:30 IST" name="CheckOutTestCase2" finished-at="2024-03-27T16:50:33 IST" duration-ms="3080" status="PASS">
          <reporter-output>
          </reporter-output>
        </test-method> <!-- CheckOutTestCase2 -->
        <test-method is-config="true" signature="TearDown()[pri:0, instance:TestCase.CheckOutTestCase@76494737]" started-at="2024-03-27T16:50:33 IST" name="TearDown" finished-at="2024-03-27T16:50:33 IST" duration-ms="339" status="PASS">
          <reporter-output>
          </reporter-output>
        </test-method> <!-- TearDown -->
        <test-method is-config="true" signature="Setup()[pri:0, instance:TestCase.CheckOutTestCase@76494737]" started-at="2024-03-27T16:50:33 IST" name="Setup" finished-at="2024-03-27T16:50:35 IST" duration-ms="1429" status="PASS">
          <reporter-output>
          </reporter-output>
        </test-method> <!-- Setup -->
        <test-method signature="CheckOutTestCase3()[pri:0, instance:TestCase.CheckOutTestCase@76494737]" started-at="2024-03-27T16:50:35 IST" name="CheckOutTestCase3" finished-at="2024-03-27T16:50:39 IST" duration-ms="3989" status="PASS">
          <reporter-output>
          </reporter-output>
        </test-method> <!-- CheckOutTestCase3 -->
        <test-method is-config="true" signature="TearDown()[pri:0, instance:TestCase.CheckOutTestCase@76494737]" started-at="2024-03-27T16:50:39 IST" name="TearDown" finished-at="2024-03-27T16:50:39 IST" duration-ms="260" status="PASS">
          <reporter-output>
          </reporter-output>
        </test-method> <!-- TearDown -->
      </class> <!-- TestCase.CheckOutTestCase -->
      <class name="TestCase.HomeTestCase">
        <test-method is-config="true" signature="Setup()[pri:0, instance:TestCase.HomeTestCase@4a003cbe]" started-at="2024-03-27T16:50:39 IST" name="Setup" finished-at="2024-03-27T16:50:41 IST" duration-ms="1536" status="PASS">
          <reporter-output>
          </reporter-output>
        </test-method> <!-- Setup -->
        <test-method signature="HomeTestCase1()[pri:0, instance:TestCase.HomeTestCase@4a003cbe]" started-at="2024-03-27T16:50:41 IST" name="HomeTestCase1" finished-at="2024-03-27T16:50:43 IST" duration-ms="2443" status="PASS">
          <reporter-output>
          </reporter-output>
        </test-method> <!-- HomeTestCase1 -->
        <test-method is-config="true" signature="TearDown()[pri:0, instance:TestCase.HomeTestCase@4a003cbe]" started-at="2024-03-27T16:50:43 IST" name="TearDown" finished-at="2024-03-27T16:50:43 IST" duration-ms="195" status="PASS">
          <reporter-output>
          </reporter-output>
        </test-method> <!-- TearDown -->
        <test-method is-config="true" signature="Setup()[pri:0, instance:TestCase.HomeTestCase@4a003cbe]" started-at="2024-03-27T16:50:43 IST" name="Setup" finished-at="2024-03-27T16:50:45 IST" duration-ms="1602" status="PASS">
          <reporter-output>
          </reporter-output>
        </test-method> <!-- Setup -->
        <test-method signature="HomeTestCase10()[pri:0, instance:TestCase.HomeTestCase@4a003cbe]" started-at="2024-03-27T16:50:45 IST" name="HomeTestCase10" finished-at="2024-03-27T16:50:47 IST" duration-ms="2426" status="PASS">
          <reporter-output>
          </reporter-output>
        </test-method> <!-- HomeTestCase10 -->
        <test-method is-config="true" signature="TearDown()[pri:0, instance:TestCase.HomeTestCase@4a003cbe]" started-at="2024-03-27T16:50:47 IST" name="TearDown" finished-at="2024-03-27T16:50:47 IST" duration-ms="206" status="PASS">
          <reporter-output>
          </reporter-output>
        </test-method> <!-- TearDown -->
        <test-method is-config="true" signature="Setup()[pri:0, instance:TestCase.HomeTestCase@4a003cbe]" started-at="2024-03-27T16:50:47 IST" name="Setup" finished-at="2024-03-27T16:50:49 IST" duration-ms="1561" status="PASS">
          <reporter-output>
          </reporter-output>
        </test-method> <!-- Setup -->
        <test-method signature="HomeTestCase11()[pri:0, instance:TestCase.HomeTestCase@4a003cbe]" started-at="2024-03-27T16:50:49 IST" name="HomeTestCase11" finished-at="2024-03-27T16:50:51 IST" duration-ms="2435" status="PASS">
          <reporter-output>
          </reporter-output>
        </test-method> <!-- HomeTestCase11 -->
        <test-method is-config="true" signature="TearDown()[pri:0, instance:TestCase.HomeTestCase@4a003cbe]" started-at="2024-03-27T16:50:51 IST" name="TearDown" finished-at="2024-03-27T16:50:52 IST" duration-ms="234" status="PASS">
          <reporter-output>
          </reporter-output>
        </test-method> <!-- TearDown -->
        <test-method is-config="true" signature="Setup()[pri:0, instance:TestCase.HomeTestCase@4a003cbe]" started-at="2024-03-27T16:50:52 IST" name="Setup" finished-at="2024-03-27T16:50:53 IST" duration-ms="950" status="PASS">
          <reporter-output>
          </reporter-output>
        </test-method> <!-- Setup -->
        <test-method signature="HomeTestCase12()[pri:0, instance:TestCase.HomeTestCase@4a003cbe]" started-at="2024-03-27T16:50:53 IST" name="HomeTestCase12" finished-at="2024-03-27T16:50:55 IST" duration-ms="2779" status="PASS">
          <reporter-output>
          </reporter-output>
        </test-method> <!-- HomeTestCase12 -->
        <test-method is-config="true" signature="TearDown()[pri:0, instance:TestCase.HomeTestCase@4a003cbe]" started-at="2024-03-27T16:50:55 IST" name="TearDown" finished-at="2024-03-27T16:50:56 IST" duration-ms="203" status="PASS">
          <reporter-output>
          </reporter-output>
        </test-method> <!-- TearDown -->
        <test-method is-config="true" signature="Setup()[pri:0, instance:TestCase.HomeTestCase@4a003cbe]" started-at="2024-03-27T16:50:56 IST" name="Setup" finished-at="2024-03-27T16:50:57 IST" duration-ms="1437" status="PASS">
          <reporter-output>
          </reporter-output>
        </test-method> <!-- Setup -->
        <test-method signature="HomeTestCase13()[pri:0, instance:TestCase.HomeTestCase@4a003cbe]" started-at="2024-03-27T16:50:57 IST" name="HomeTestCase13" finished-at="2024-03-27T16:50:59 IST" duration-ms="2444" status="PASS">
          <reporter-output>
          </reporter-output>
        </test-method> <!-- HomeTestCase13 -->
        <test-method is-config="true" signature="TearDown()[pri:0, instance:TestCase.HomeTestCase@4a003cbe]" started-at="2024-03-27T16:50:59 IST" name="TearDown" finished-at="2024-03-27T16:51:00 IST" duration-ms="249" status="PASS">
          <reporter-output>
          </reporter-output>
        </test-method> <!-- TearDown -->
        <test-method is-config="true" signature="Setup()[pri:0, instance:TestCase.HomeTestCase@4a003cbe]" started-at="2024-03-27T16:51:00 IST" name="Setup" finished-at="2024-03-27T16:51:01 IST" duration-ms="1402" status="PASS">
          <reporter-output>
          </reporter-output>
        </test-method> <!-- Setup -->
        <test-method signature="HomeTestCase14()[pri:0, instance:TestCase.HomeTestCase@4a003cbe]" started-at="2024-03-27T16:51:01 IST" name="HomeTestCase14" finished-at="2024-03-27T16:51:03 IST" duration-ms="1428" status="FAIL">
          <exception class="org.openqa.selenium.ElementNotInteractableException">
            <message>
              <![CDATA[element not interactable
  (Session info: chrome=123.0.6312.59)
Build info: version: '4.10.0', revision: 'c14d967899'
System info: os.name: 'Windows 11', os.arch: 'amd64', os.version: '10.0', java.version: '17.0.9'
Driver info: org.openqa.selenium.chrome.ChromeDriver
Command: [cfabd9c2a51a71102a6e502c42ccdd54, clickElement {id=f.34BED4E8A735DB06B3D415D4C52337E3.d.9E4CA55B2870B847DE1F722D5B99DFE4.e.27}]
Capabilities {acceptInsecureCerts: false, browserName: chrome, browserVersion: 123.0.6312.59, chrome: {chromedriverVersion: 123.0.6312.86 (9b72c47a0536..., userDataDir: C:\Users\PRIYAN~1\AppData\L...}, fedcm:accounts: true, goog:chromeOptions: {debuggerAddress: localhost:64820}, networkConnectionEnabled: false, pageLoadStrategy: normal, platformName: windows, proxy: Proxy(), se:cdp: ws://localhost:64820/devtoo..., se:cdpVersion: 123.0.6312.59, setWindowRect: true, strictFileInteractability: false, timeouts: {implicit: 0, pageLoad: 300000, script: 30000}, unhandledPromptBehavior: dismiss and notify, webauthn:extension:credBlob: true, webauthn:extension:largeBlob: true, webauthn:extension:minPinLength: true, webauthn:extension:prf: true, webauthn:virtualAuthenticators: true}
Element: [[ChromeDriver: chrome on windows (cfabd9c2a51a71102a6e502c42ccdd54)] -> xpath: //a[@id='about_sidebar_link']]
Session ID: cfabd9c2a51a71102a6e502c42ccdd54]]>
            </message>
            <full-stacktrace>
              <![CDATA[org.openqa.selenium.ElementNotInteractableException: element not interactable
  (Session info: chrome=123.0.6312.59)
Build info: version: '4.10.0', revision: 'c14d967899'
System info: os.name: 'Windows 11', os.arch: 'amd64', os.version: '10.0', java.version: '17.0.9'
Driver info: org.openqa.selenium.chrome.ChromeDriver
Command: [cfabd9c2a51a71102a6e502c42ccdd54, clickElement {id=f.34BED4E8A735DB06B3D415D4C52337E3.d.9E4CA55B2870B847DE1F722D5B99DFE4.e.27}]
Capabilities {acceptInsecureCerts: false, browserName: chrome, browserVersion: 123.0.6312.59, chrome: {chromedriverVersion: 123.0.6312.86 (9b72c47a0536..., userDataDir: C:\Users\PRIYAN~1\AppData\L...}, fedcm:accounts: true, goog:chromeOptions: {debuggerAddress: localhost:64820}, networkConnectionEnabled: false, pageLoadStrategy: normal, platformName: windows, proxy: Proxy(), se:cdp: ws://localhost:64820/devtoo..., se:cdpVersion: 123.0.6312.59, setWindowRect: true, strictFileInteractability: false, timeouts: {implicit: 0, pageLoad: 300000, script: 30000}, unhandledPromptBehavior: dismiss and notify, webauthn:extension:credBlob: true, webauthn:extension:largeBlob: true, webauthn:extension:minPinLength: true, webauthn:extension:prf: true, webauthn:virtualAuthenticators: true}
Element: [[ChromeDriver: chrome on windows (cfabd9c2a51a71102a6e502c42ccdd54)] -> xpath: //a[@id='about_sidebar_link']]
Session ID: cfabd9c2a51a71102a6e502c42ccdd54
at java.base/jdk.internal.reflect.NativeConstructorAccessorImpl.newInstance0(Native Method)
at java.base/jdk.internal.reflect.NativeConstructorAccessorImpl.newInstance(NativeConstructorAccessorImpl.java:77)
at java.base/jdk.internal.reflect.DelegatingConstructorAccessorImpl.newInstance(DelegatingConstructorAccessorImpl.java:45)
at java.base/java.lang.reflect.Constructor.newInstanceWithCaller(Constructor.java:499)
at java.base/java.lang.reflect.Constructor.newInstance(Constructor.java:480)
at org.openqa.selenium.remote.codec.w3c.W3CHttpResponseCodec.createException(W3CHttpResponseCodec.java:199)
at org.openqa.selenium.remote.codec.w3c.W3CHttpResponseCodec.decode(W3CHttpResponseCodec.java:132)
at org.openqa.selenium.remote.codec.w3c.W3CHttpResponseCodec.decode(W3CHttpResponseCodec.java:51)
at org.openqa.selenium.remote.HttpCommandExecutor.execute(HttpCommandExecutor.java:191)
at org.openqa.selenium.remote.service.DriverCommandExecutor.invokeExecute(DriverCommandExecutor.java:196)
at org.openqa.selenium.remote.service.DriverCommandExecutor.execute(DriverCommandExecutor.java:171)
at org.openqa.selenium.remote.RemoteWebDriver.execute(RemoteWebDriver.java:531)
at org.openqa.selenium.remote.RemoteWebElement.execute(RemoteWebElement.java:242)
at org.openqa.selenium.remote.RemoteWebElement.click(RemoteWebElement.java:77)
at PageObject.HomePageObject.ClickAboutSideBarLink(HomePageObject.java:90)
at TestCase.HomeTestCase.HomeTestCase14(HomeTestCase.java:166)
at java.base/jdk.internal.reflect.NativeMethodAccessorImpl.invoke0(Native Method)
at java.base/jdk.internal.reflect.NativeMethodAccessorImpl.invoke(NativeMethodAccessorImpl.java:77)
at java.base/jdk.internal.reflect.DelegatingMethodAccessorImpl.invoke(DelegatingMethodAccessorImpl.java:43)
at java.base/java.lang.reflect.Method.invoke(Method.java:568)
at org.testng.internal.invokers.MethodInvocationHelper.invokeMethod(MethodInvocationHelper.java:139)
at org.testng.internal.invokers.TestInvoker.invokeMethod(TestInvoker.java:664)
at org.testng.internal.invokers.TestInvoker.invokeTestMethod(TestInvoker.java:228)
at org.testng.internal.invokers.MethodRunner.runInSequence(MethodRunner.java:63)
at org.testng.internal.invokers.TestInvoker$MethodInvocationAgent.invoke(TestInvoker.java:961)
at org.testng.internal.invokers.TestInvoker.invokeTestMethods(TestInvoker.java:201)
at org.testng.internal.invokers.TestMethodWorker.invokeTestMethods(TestMethodWorker.java:148)
at org.testng.internal.invokers.TestMethodWorker.run(TestMethodWorker.java:128)
at java.base/java.util.ArrayList.forEach(ArrayList.java:1511)
at org.testng.TestRunner.privateRun(TestRunner.java:819)
at org.testng.TestRunner.run(TestRunner.java:619)
at org.testng.SuiteRunner.runTest(SuiteRunner.java:443)
at org.testng.SuiteRunner.runSequentially(SuiteRunner.java:437)
at org.testng.SuiteRunner.privateRun(SuiteRunner.java:397)
at org.testng.SuiteRunner.run(SuiteRunner.java:336)
at org.testng.SuiteRunnerWorker.runSuite(SuiteRunnerWorker.java:52)
at org.testng.SuiteRunnerWorker.run(SuiteRunnerWorker.java:95)
at org.testng.TestNG.runSuitesSequentially(TestNG.java:1301)
at org.testng.TestNG.runSuitesLocally(TestNG.java:1228)
at org.testng.TestNG.runSuites(TestNG.java:1134)
at org.testng.TestNG.run(TestNG.java:1101)
at org.testng.remote.AbstractRemoteTestNG.run(AbstractRemoteTestNG.java:115)
at org.testng.remote.RemoteTestNG.initAndRun(RemoteTestNG.java:251)
at org.testng.remote.RemoteTestNG.main(RemoteTestNG.java:77)
]]>
            </full-stacktrace>
          </exception> <!-- org.openqa.selenium.ElementNotInteractableException -->
          <reporter-output>
          </reporter-output>
        </test-method> <!-- HomeTestCase14 -->
        <test-method is-config="true" signature="TearDown()[pri:0, instance:TestCase.HomeTestCase@4a003cbe]" started-at="2024-03-27T16:51:03 IST" name="TearDown" finished-at="2024-03-27T16:51:03 IST" duration-ms="244" status="PASS">
          <reporter-output>
          </reporter-output>
        </test-method> <!-- TearDown -->
        <test-method is-config="true" signature="Setup()[pri:0, instance:TestCase.HomeTestCase@4a003cbe]" started-at="2024-03-27T16:51:03 IST" name="Setup" finished-at="2024-03-27T16:51:04 IST" duration-ms="1330" status="PASS">
          <reporter-output>
          </reporter-output>
        </test-method> <!-- Setup -->
        <test-method signature="HomeTestCase15()[pri:0, instance:TestCase.HomeTestCase@4a003cbe]" started-at="2024-03-27T16:51:04 IST" name="HomeTestCase15" finished-at="2024-03-27T16:51:06 IST" duration-ms="1362" status="FAIL">
          <exception class="org.openqa.selenium.ElementNotInteractableException">
            <message>
              <![CDATA[element not interactable
  (Session info: chrome=123.0.6312.59)
Build info: version: '4.10.0', revision: 'c14d967899'
System info: os.name: 'Windows 11', os.arch: 'amd64', os.version: '10.0', java.version: '17.0.9'
Driver info: org.openqa.selenium.chrome.ChromeDriver
Command: [51d4b3e2d4cb4af38e7b8671ebffaa13, clickElement {id=f.6912AEE332714A5E23A97861CB5DD42F.d.CC2237A29778D7E8986353CB9F7E4F0A.e.27}]
Capabilities {acceptInsecureCerts: false, browserName: chrome, browserVersion: 123.0.6312.59, chrome: {chromedriverVersion: 123.0.6312.86 (9b72c47a0536..., userDataDir: C:\Users\PRIYAN~1\AppData\L...}, fedcm:accounts: true, goog:chromeOptions: {debuggerAddress: localhost:64846}, networkConnectionEnabled: false, pageLoadStrategy: normal, platformName: windows, proxy: Proxy(), se:cdp: ws://localhost:64846/devtoo..., se:cdpVersion: 123.0.6312.59, setWindowRect: true, strictFileInteractability: false, timeouts: {implicit: 0, pageLoad: 300000, script: 30000}, unhandledPromptBehavior: dismiss and notify, webauthn:extension:credBlob: true, webauthn:extension:largeBlob: true, webauthn:extension:minPinLength: true, webauthn:extension:prf: true, webauthn:virtualAuthenticators: true}
Element: [[ChromeDriver: chrome on windows (51d4b3e2d4cb4af38e7b8671ebffaa13)] -> xpath: //a[@id='logout_sidebar_link']]
Session ID: 51d4b3e2d4cb4af38e7b8671ebffaa13]]>
            </message>
            <full-stacktrace>
              <![CDATA[org.openqa.selenium.ElementNotInteractableException: element not interactable
  (Session info: chrome=123.0.6312.59)
Build info: version: '4.10.0', revision: 'c14d967899'
System info: os.name: 'Windows 11', os.arch: 'amd64', os.version: '10.0', java.version: '17.0.9'
Driver info: org.openqa.selenium.chrome.ChromeDriver
Command: [51d4b3e2d4cb4af38e7b8671ebffaa13, clickElement {id=f.6912AEE332714A5E23A97861CB5DD42F.d.CC2237A29778D7E8986353CB9F7E4F0A.e.27}]
Capabilities {acceptInsecureCerts: false, browserName: chrome, browserVersion: 123.0.6312.59, chrome: {chromedriverVersion: 123.0.6312.86 (9b72c47a0536..., userDataDir: C:\Users\PRIYAN~1\AppData\L...}, fedcm:accounts: true, goog:chromeOptions: {debuggerAddress: localhost:64846}, networkConnectionEnabled: false, pageLoadStrategy: normal, platformName: windows, proxy: Proxy(), se:cdp: ws://localhost:64846/devtoo..., se:cdpVersion: 123.0.6312.59, setWindowRect: true, strictFileInteractability: false, timeouts: {implicit: 0, pageLoad: 300000, script: 30000}, unhandledPromptBehavior: dismiss and notify, webauthn:extension:credBlob: true, webauthn:extension:largeBlob: true, webauthn:extension:minPinLength: true, webauthn:extension:prf: true, webauthn:virtualAuthenticators: true}
Element: [[ChromeDriver: chrome on windows (51d4b3e2d4cb4af38e7b8671ebffaa13)] -> xpath: //a[@id='logout_sidebar_link']]
Session ID: 51d4b3e2d4cb4af38e7b8671ebffaa13
at java.base/jdk.internal.reflect.NativeConstructorAccessorImpl.newInstance0(Native Method)
at java.base/jdk.internal.reflect.NativeConstructorAccessorImpl.newInstance(NativeConstructorAccessorImpl.java:77)
at java.base/jdk.internal.reflect.DelegatingConstructorAccessorImpl.newInstance(DelegatingConstructorAccessorImpl.java:45)
at java.base/java.lang.reflect.Constructor.newInstanceWithCaller(Constructor.java:499)
at java.base/java.lang.reflect.Constructor.newInstance(Constructor.java:480)
at org.openqa.selenium.remote.codec.w3c.W3CHttpResponseCodec.createException(W3CHttpResponseCodec.java:199)
at org.openqa.selenium.remote.codec.w3c.W3CHttpResponseCodec.decode(W3CHttpResponseCodec.java:132)
at org.openqa.selenium.remote.codec.w3c.W3CHttpResponseCodec.decode(W3CHttpResponseCodec.java:51)
at org.openqa.selenium.remote.HttpCommandExecutor.execute(HttpCommandExecutor.java:191)
at org.openqa.selenium.remote.service.DriverCommandExecutor.invokeExecute(DriverCommandExecutor.java:196)
at org.openqa.selenium.remote.service.DriverCommandExecutor.execute(DriverCommandExecutor.java:171)
at org.openqa.selenium.remote.RemoteWebDriver.execute(RemoteWebDriver.java:531)
at org.openqa.selenium.remote.RemoteWebElement.execute(RemoteWebElement.java:242)
at org.openqa.selenium.remote.RemoteWebElement.click(RemoteWebElement.java:77)
at PageObject.HomePageObject.ClickLogoutSideBarLink(HomePageObject.java:95)
at TestCase.HomeTestCase.HomeTestCase15(HomeTestCase.java:176)
at java.base/jdk.internal.reflect.NativeMethodAccessorImpl.invoke0(Native Method)
at java.base/jdk.internal.reflect.NativeMethodAccessorImpl.invoke(NativeMethodAccessorImpl.java:77)
at java.base/jdk.internal.reflect.DelegatingMethodAccessorImpl.invoke(DelegatingMethodAccessorImpl.java:43)
at java.base/java.lang.reflect.Method.invoke(Method.java:568)
at org.testng.internal.invokers.MethodInvocationHelper.invokeMethod(MethodInvocationHelper.java:139)
at org.testng.internal.invokers.TestInvoker.invokeMethod(TestInvoker.java:664)
at org.testng.internal.invokers.TestInvoker.invokeTestMethod(TestInvoker.java:228)
at org.testng.internal.invokers.MethodRunner.runInSequence(MethodRunner.java:63)
at org.testng.internal.invokers.TestInvoker$MethodInvocationAgent.invoke(TestInvoker.java:961)
at org.testng.internal.invokers.TestInvoker.invokeTestMethods(TestInvoker.java:201)
at org.testng.internal.invokers.TestMethodWorker.invokeTestMethods(TestMethodWorker.java:148)
at org.testng.internal.invokers.TestMethodWorker.run(TestMethodWorker.java:128)
at java.base/java.util.ArrayList.forEach(ArrayList.java:1511)
at org.testng.TestRunner.privateRun(TestRunner.java:819)
at org.testng.TestRunner.run(TestRunner.java:619)
at org.testng.SuiteRunner.runTest(SuiteRunner.java:443)
at org.testng.SuiteRunner.runSequentially(SuiteRunner.java:437)
at org.testng.SuiteRunner.privateRun(SuiteRunner.java:397)
at org.testng.SuiteRunner.run(SuiteRunner.java:336)
at org.testng.SuiteRunnerWorker.runSuite(SuiteRunnerWorker.java:52)
at org.testng.SuiteRunnerWorker.run(SuiteRunnerWorker.java:95)
at org.testng.TestNG.runSuitesSequentially(TestNG.java:1301)
at org.testng.TestNG.runSuitesLocally(TestNG.java:1228)
at org.testng.TestNG.runSuites(TestNG.java:1134)
at org.testng.TestNG.run(TestNG.java:1101)
at org.testng.remote.AbstractRemoteTestNG.run(AbstractRemoteTestNG.java:115)
at org.testng.remote.RemoteTestNG.initAndRun(RemoteTestNG.java:251)
at org.testng.remote.RemoteTestNG.main(RemoteTestNG.java:77)
]]>
            </full-stacktrace>
          </exception> <!-- org.openqa.selenium.ElementNotInteractableException -->
          <reporter-output>
          </reporter-output>
        </test-method> <!-- HomeTestCase15 -->
        <test-method is-config="true" signature="TearDown()[pri:0, instance:TestCase.HomeTestCase@4a003cbe]" started-at="2024-03-27T16:51:06 IST" name="TearDown" finished-at="2024-03-27T16:51:06 IST" duration-ms="210" status="PASS">
          <reporter-output>
          </reporter-output>
        </test-method> <!-- TearDown -->
        <test-method is-config="true" signature="Setup()[pri:0, instance:TestCase.HomeTestCase@4a003cbe]" started-at="2024-03-27T16:51:06 IST" name="Setup" finished-at="2024-03-27T16:51:07 IST" duration-ms="1338" status="PASS">
          <reporter-output>
          </reporter-output>
        </test-method> <!-- Setup -->
        <test-method signature="HomeTestCase2()[pri:0, instance:TestCase.HomeTestCase@4a003cbe]" started-at="2024-03-27T16:51:07 IST" name="HomeTestCase2" finished-at="2024-03-27T16:51:09 IST" duration-ms="2376" status="PASS">
          <reporter-output>
          </reporter-output>
        </test-method> <!-- HomeTestCase2 -->
        <test-method is-config="true" signature="TearDown()[pri:0, instance:TestCase.HomeTestCase@4a003cbe]" started-at="2024-03-27T16:51:09 IST" name="TearDown" finished-at="2024-03-27T16:51:10 IST" duration-ms="213" status="PASS">
          <reporter-output>
          </reporter-output>
        </test-method> <!-- TearDown -->
        <test-method is-config="true" signature="Setup()[pri:0, instance:TestCase.HomeTestCase@4a003cbe]" started-at="2024-03-27T16:51:10 IST" name="Setup" finished-at="2024-03-27T16:51:11 IST" duration-ms="1312" status="PASS">
          <reporter-output>
          </reporter-output>
        </test-method> <!-- Setup -->
        <test-method signature="HomeTestCase3()[pri:0, instance:TestCase.HomeTestCase@4a003cbe]" started-at="2024-03-27T16:51:11 IST" name="HomeTestCase3" finished-at="2024-03-27T16:51:13 IST" duration-ms="2431" status="PASS">
          <reporter-output>
          </reporter-output>
        </test-method> <!-- HomeTestCase3 -->
        <test-method is-config="true" signature="TearDown()[pri:0, instance:TestCase.HomeTestCase@4a003cbe]" started-at="2024-03-27T16:51:13 IST" name="TearDown" finished-at="2024-03-27T16:51:14 IST" duration-ms="222" status="PASS">
          <reporter-output>
          </reporter-output>
        </test-method> <!-- TearDown -->
        <test-method is-config="true" signature="Setup()[pri:0, instance:TestCase.HomeTestCase@4a003cbe]" started-at="2024-03-27T16:51:14 IST" name="Setup" finished-at="2024-03-27T16:51:15 IST" duration-ms="947" status="PASS">
          <reporter-output>
          </reporter-output>
        </test-method> <!-- Setup -->
        <test-method signature="HomeTestCase4()[pri:0, instance:TestCase.HomeTestCase@4a003cbe]" started-at="2024-03-27T16:51:15 IST" name="HomeTestCase4" finished-at="2024-03-27T16:51:18 IST" duration-ms="2994" status="PASS">
          <reporter-output>
          </reporter-output>
        </test-method> <!-- HomeTestCase4 -->
        <test-method is-config="true" signature="TearDown()[pri:0, instance:TestCase.HomeTestCase@4a003cbe]" started-at="2024-03-27T16:51:18 IST" name="TearDown" finished-at="2024-03-27T16:51:18 IST" duration-ms="251" status="PASS">
          <reporter-output>
          </reporter-output>
        </test-method> <!-- TearDown -->
        <test-method is-config="true" signature="Setup()[pri:0, instance:TestCase.HomeTestCase@4a003cbe]" started-at="2024-03-27T16:51:18 IST" name="Setup" finished-at="2024-03-27T16:51:19 IST" duration-ms="1401" status="PASS">
          <reporter-output>
          </reporter-output>
        </test-method> <!-- Setup -->
        <test-method signature="HomeTestCase5()[pri:0, instance:TestCase.HomeTestCase@4a003cbe]" started-at="2024-03-27T16:51:19 IST" name="HomeTestCase5" finished-at="2024-03-27T16:51:22 IST" duration-ms="2381" status="PASS">
          <reporter-output>
          </reporter-output>
        </test-method> <!-- HomeTestCase5 -->
        <test-method is-config="true" signature="TearDown()[pri:0, instance:TestCase.HomeTestCase@4a003cbe]" started-at="2024-03-27T16:51:22 IST" name="TearDown" finished-at="2024-03-27T16:51:22 IST" duration-ms="186" status="PASS">
          <reporter-output>
          </reporter-output>
        </test-method> <!-- TearDown -->
        <test-method is-config="true" signature="Setup()[pri:0, instance:TestCase.HomeTestCase@4a003cbe]" started-at="2024-03-27T16:51:22 IST" name="Setup" finished-at="2024-03-27T16:51:23 IST" duration-ms="934" status="PASS">
          <reporter-output>
          </reporter-output>
        </test-method> <!-- Setup -->
        <test-method signature="HomeTestCase6()[pri:0, instance:TestCase.HomeTestCase@4a003cbe]" started-at="2024-03-27T16:51:23 IST" name="HomeTestCase6" finished-at="2024-03-27T16:51:25 IST" duration-ms="2720" status="PASS">
          <reporter-output>
          </reporter-output>
        </test-method> <!-- HomeTestCase6 -->
        <test-method is-config="true" signature="TearDown()[pri:0, instance:TestCase.HomeTestCase@4a003cbe]" started-at="2024-03-27T16:51:25 IST" name="TearDown" finished-at="2024-03-27T16:51:26 IST" duration-ms="249" status="PASS">
          <reporter-output>
          </reporter-output>
        </test-method> <!-- TearDown -->
        <test-method is-config="true" signature="Setup()[pri:0, instance:TestCase.HomeTestCase@4a003cbe]" started-at="2024-03-27T16:51:26 IST" name="Setup" finished-at="2024-03-27T16:51:27 IST" duration-ms="1290" status="PASS">
          <reporter-output>
          </reporter-output>
        </test-method> <!-- Setup -->
        <test-method signature="HomeTestCase7()[pri:0, instance:TestCase.HomeTestCase@4a003cbe]" started-at="2024-03-27T16:51:27 IST" name="HomeTestCase7" finished-at="2024-03-27T16:51:29 IST" duration-ms="2466" status="PASS">
          <reporter-output>
          </reporter-output>
        </test-method> <!-- HomeTestCase7 -->
        <test-method is-config="true" signature="TearDown()[pri:0, instance:TestCase.HomeTestCase@4a003cbe]" started-at="2024-03-27T16:51:29 IST" name="TearDown" finished-at="2024-03-27T16:51:30 IST" duration-ms="219" status="PASS">
          <reporter-output>
          </reporter-output>
        </test-method> <!-- TearDown -->
        <test-method is-config="true" signature="Setup()[pri:0, instance:TestCase.HomeTestCase@4a003cbe]" started-at="2024-03-27T16:51:30 IST" name="Setup" finished-at="2024-03-27T16:51:31 IST" duration-ms="1581" status="PASS">
          <reporter-output>
          </reporter-output>
        </test-method> <!-- Setup -->
        <test-method signature="HomeTestCase8()[pri:0, instance:TestCase.HomeTestCase@4a003cbe]" started-at="2024-03-27T16:51:31 IST" name="HomeTestCase8" finished-at="2024-03-27T16:51:34 IST" duration-ms="2332" status="PASS">
          <reporter-output>
          </reporter-output>
        </test-method> <!-- HomeTestCase8 -->
        <test-method is-config="true" signature="TearDown()[pri:0, instance:TestCase.HomeTestCase@4a003cbe]" started-at="2024-03-27T16:51:34 IST" name="TearDown" finished-at="2024-03-27T16:51:34 IST" duration-ms="194" status="PASS">
          <reporter-output>
          </reporter-output>
        </test-method> <!-- TearDown -->
        <test-method is-config="true" signature="Setup()[pri:0, instance:TestCase.HomeTestCase@4a003cbe]" started-at="2024-03-27T16:51:34 IST" name="Setup" finished-at="2024-03-27T16:51:35 IST" duration-ms="1282" status="PASS">
          <reporter-output>
          </reporter-output>
        </test-method> <!-- Setup -->
        <test-method signature="HomeTestCase9()[pri:0, instance:TestCase.HomeTestCase@4a003cbe]" started-at="2024-03-27T16:51:35 IST" name="HomeTestCase9" finished-at="2024-03-27T16:51:37 IST" duration-ms="2431" status="PASS">
          <reporter-output>
          </reporter-output>
        </test-method> <!-- HomeTestCase9 -->
        <test-method is-config="true" signature="TearDown()[pri:0, instance:TestCase.HomeTestCase@4a003cbe]" started-at="2024-03-27T16:51:37 IST" name="TearDown" finished-at="2024-03-27T16:51:38 IST" duration-ms="186" status="PASS">
          <reporter-output>
          </reporter-output>
        </test-method> <!-- TearDown -->
      </class> <!-- TestCase.HomeTestCase -->
    </test> <!-- Test -->
  </suite> <!-- Suite -->
</testng-results>
